<?xml version="1.0" encoding="UTF-8"?>
<testsuites name="Regression (Role and User Master)" time="45" tests="5" failures="0" errors="2">
   <testsuite name="Regression (Role and User Master)" tests="5" failures="0" errors="2" time="45" timestamp="2018-09-12 09:32:08" hostname="PRISCILLA - 192.168.13.172" id="Test Suites/Merchanding- My Account/Regression (Role and User Master)">
      <properties>
         <property name="deviceName" value=""/>
         <property name="devicePlatform" value=""/>
         <property name="logFolder" value="D:\\Automation Katalon\\DukaMili\\Reports\\Merchanding- My Account\\Regression (Role and User Master)\\20180912_093207"/>
         <property name="logFiles" value="D:\\Automation Katalon\\DukaMili\\Reports\\Merchanding- My Account\\Regression (Role and User Master)\\20180912_093207\\execution0.log"/>
         <property name="attachments" value=""/>
         <property name="hostName" value="PRISCILLA - 192.168.13.172"/>
         <property name="os" value="Windows 10 64bit"/>
         <property name="katalonVersion" value="5.4.2.1"/>
         <property name="browser" value="Chrome 68.0.3440.106"/>
         <property name="hostAddress" value="192.168.13.172"/>
         <property name="sessionId" value="62a5c10f1c067f59324ee98ab9a950c1"/>
         <property name="seleniumVersion" value="3.7.1"/>
         <property name="proxyInformation" value="ProxyInformation{proxyOption=NO_PROXY, proxyServerType=HTTP, password=, proxyServerAddress=, proxyServerPort=0}"/>
         <property name="platform" value="Windows 10"/>
      </properties>
      <testcase name="Test Cases/1. Login_Logout/Login- Standard Admin" classname="Test Cases/1. Login_Logout/Login- Standard Admin" status="PASSED">
         <system-out><![CDATA[2018-09-12 09:32:08 - [TEST_CASE][PASSED] - Test Cases/1. Login_Logout/Login- Standard Admin: Test Cases/1. Login_Logout/Login- Standard Admin

2018-09-12 09:32:09 - [TEST_STEP][PASSED] - Statement - log = new com.kms.katalon.core.logging.KeywordLogger(): null

2018-09-12 09:32:09 - [TEST_STEP][PASSED] - openBrowser: Browser is opened with url: 'http://localhost:9632/#/page/login'

2018-09-12 09:32:13 - [MESSAGE][PASSED] - Browser is opened with url: 'http://localhost:9632/#/page/login'

2018-09-12 09:32:13 - [TEST_STEP][PASSED] - Statement - log.logWarning("URL in Use: " + baseURL): URL in Use: http://localhost:9632/#/page/login

2018-09-12 09:32:13 - [MESSAGE][WARNING] - URL in Use: http://localhost:9632/#/page/login

2018-09-12 09:32:13 - [TEST_STEP][PASSED] - maximizeWindow: Current window maximized

2018-09-12 09:32:13 - [MESSAGE][PASSED] - Current window maximized

2018-09-12 09:32:13 - [TEST_STEP][PASSED] - delay: Delayed 1 second(s)

2018-09-12 09:32:14 - [MESSAGE][PASSED] - Delayed 1 second(s)

2018-09-12 09:32:14 - [TEST_STEP][PASSED] - setEncryptedText: Text ****** has been set on object 'Object Repository/Login_Logout/input- UserName'

2018-09-12 09:32:14 - [MESSAGE][PASSED] - Text ****** has been set on object 'Object Repository/Login_Logout/input- UserName'

2018-09-12 09:32:14 - [TEST_STEP][PASSED] - click: Object: 'Object Repository/Login_Logout/btn- Next' is clicked on

2018-09-12 09:32:15 - [MESSAGE][PASSED] - Object: 'Object Repository/Login_Logout/btn- Next' is clicked on

2018-09-12 09:32:15 - [TEST_STEP][PASSED] - delay: Delayed 3 second(s)

2018-09-12 09:32:18 - [MESSAGE][PASSED] - Delayed 3 second(s)

2018-09-12 09:32:18 - [TEST_STEP][PASSED] - setEncryptedText: Text ****** has been set on object 'Object Repository/Login_Logout/input- Password'

2018-09-12 09:32:18 - [MESSAGE][PASSED] - Text ****** has been set on object 'Object Repository/Login_Logout/input- Password'

2018-09-12 09:32:18 - [TEST_STEP][PASSED] - click: Object: 'Object Repository/Login_Logout/btn- Login' is clicked on

2018-09-12 09:32:18 - [MESSAGE][PASSED] - Object: 'Object Repository/Login_Logout/btn- Login' is clicked on

2018-09-12 09:32:18 - [TEST_STEP][PASSED] - delay: Delayed 5 second(s)

2018-09-12 09:32:23 - [MESSAGE][PASSED] - Delayed 5 second(s)

2018-09-12 09:32:23 - [TEST_STEP][PASSED] - Statement - If (com.kms.katalon.core.webui.keyword.WebUiBuiltInKeywords.verifyTextNotPresent("Sign in to Continue", false, OPTIONAL)): Successfully Loged Into WebApp

2018-09-12 09:32:23 - [MESSAGE][PASSED] - Text 'Sign in to Continue' is not present on page

2018-09-12 09:32:23 - [TEST_STEP][PASSED] - Statement - log.logWarning("Successfully Loged Into WebApp"): Successfully Loged Into WebApp

2018-09-12 09:32:23 - [MESSAGE][WARNING] - Successfully Loged Into WebApp]]></system-out>
         <system-err><![CDATA[]]></system-err>
      </testcase>
      <testcase name="Test Cases/Merchandising/_My Account/Verify- Available Merchandising Screens" classname="Test Cases/Merchandising/_My Account/Verify- Available Merchandising Screens" status="PASSED">
         <system-out><![CDATA[2018-09-12 09:32:23 - [TEST_CASE][PASSED] - Test Cases/Merchandising/_My Account/Verify- Available Merchandising Screens: Test Cases/Merchandising/_My Account/Verify- Available Merchandising Screens

2018-09-12 09:32:23 - [TEST_STEP][PASSED] - Statement - log = new com.kms.katalon.core.logging.KeywordLogger(): null

2018-09-12 09:32:23 - [TEST_STEP][PASSED] - delay: Delayed 4 second(s)

2018-09-12 09:32:27 - [MESSAGE][PASSED] - Delayed 4 second(s)

2018-09-12 09:32:27 - [TEST_STEP][PASSED] - Statement - driver = com.kms.katalon.core.webui.driver.DriverFactory.getWebDriver(): null

2018-09-12 09:32:27 - [TEST_STEP][PASSED] - Statement - Pages = driver.findElement(org.openqa.selenium.By.xpath("//*/div/nav/ul")): null

2018-09-12 09:32:28 - [TEST_STEP][PASSED] - Statement - screens = Pages.findElements(org.openqa.selenium.By.xpath("//*/div/nav/ul/li/a/span")): null

2018-09-12 09:32:28 - [TEST_STEP][PASSED] - Statement - TotalScreens = screens.size(): null

2018-09-12 09:32:28 - [TEST_STEP][PASSED] - Statement - log.logWarning("Screen Options Available =" + TotalScreens): Screen Options Available =10

2018-09-12 09:32:28 - [MESSAGE][WARNING] - Screen Options Available =10

2018-09-12 09:32:28 - [TEST_STEP][PASSED] - Statement - For ([i = 0, i < screens.size(), (i++)]): Screen option 9 = My Help

2018-09-12 09:32:28 - [TEST_STEP][PASSED] - Statement - screentext = screens.get(i).getText().toString(): null

2018-09-12 09:32:28 - [TEST_STEP][PASSED] - Statement - log.logWarning("Screen option " + i + " = " + screentext): Screen option 0 = Dashboard

2018-09-12 09:32:28 - [MESSAGE][WARNING] - Screen option 0 = Dashboard

2018-09-12 09:32:28 - [TEST_STEP][PASSED] - Statement - screentext = screens.get(i).getText().toString(): null

2018-09-12 09:32:28 - [TEST_STEP][PASSED] - Statement - log.logWarning("Screen option " + i + " = " + screentext): Screen option 1 = Settings

2018-09-12 09:32:28 - [MESSAGE][WARNING] - Screen option 1 = Settings

2018-09-12 09:32:28 - [TEST_STEP][PASSED] - Statement - screentext = screens.get(i).getText().toString(): null

2018-09-12 09:32:28 - [TEST_STEP][PASSED] - Statement - log.logWarning("Screen option " + i + " = " + screentext): Screen option 2 = Organisation Hierarchy

2018-09-12 09:32:28 - [MESSAGE][WARNING] - Screen option 2 = Organisation Hierarchy

2018-09-12 09:32:28 - [TEST_STEP][PASSED] - Statement - screentext = screens.get(i).getText().toString(): null

2018-09-12 09:32:28 - [TEST_STEP][PASSED] - Statement - log.logWarning("Screen option " + i + " = " + screentext): Screen option 3 = Terminal Master

2018-09-12 09:32:28 - [MESSAGE][WARNING] - Screen option 3 = Terminal Master

2018-09-12 09:32:28 - [TEST_STEP][PASSED] - Statement - screentext = screens.get(i).getText().toString(): null

2018-09-12 09:32:28 - [TEST_STEP][PASSED] - Statement - log.logWarning("Screen option " + i + " = " + screentext): Screen option 4 = My Account

2018-09-12 09:32:28 - [MESSAGE][WARNING] - Screen option 4 = My Account

2018-09-12 09:32:28 - [TEST_STEP][PASSED] - Statement - screentext = screens.get(i).getText().toString(): null

2018-09-12 09:32:28 - [TEST_STEP][PASSED] - Statement - log.logWarning("Screen option " + i + " = " + screentext): Screen option 5 = My Products

2018-09-12 09:32:28 - [MESSAGE][WARNING] - Screen option 5 = My Products

2018-09-12 09:32:28 - [TEST_STEP][PASSED] - Statement - screentext = screens.get(i).getText().toString(): null

2018-09-12 09:32:28 - [TEST_STEP][PASSED] - Statement - log.logWarning("Screen option " + i + " = " + screentext): Screen option 6 = My Messages

2018-09-12 09:32:28 - [MESSAGE][WARNING] - Screen option 6 = My Messages

2018-09-12 09:32:28 - [TEST_STEP][PASSED] - Statement - screentext = screens.get(i).getText().toString(): null

2018-09-12 09:32:28 - [TEST_STEP][PASSED] - Statement - log.logWarning("Screen option " + i + " = " + screentext): Screen option 7 = My Reports

2018-09-12 09:32:28 - [MESSAGE][WARNING] - Screen option 7 = My Reports

2018-09-12 09:32:28 - [TEST_STEP][PASSED] - Statement - screentext = screens.get(i).getText().toString(): null

2018-09-12 09:32:28 - [TEST_STEP][PASSED] - Statement - log.logWarning("Screen option " + i + " = " + screentext): Screen option 8 = My Requests

2018-09-12 09:32:28 - [MESSAGE][WARNING] - Screen option 8 = My Requests

2018-09-12 09:32:28 - [TEST_STEP][PASSED] - Statement - screentext = screens.get(i).getText().toString(): null

2018-09-12 09:32:28 - [TEST_STEP][PASSED] - Statement - log.logWarning("Screen option " + i + " = " + screentext): Screen option 9 = My Help

2018-09-12 09:32:28 - [MESSAGE][WARNING] - Screen option 9 = My Help]]></system-out>
         <system-err><![CDATA[]]></system-err>
      </testcase>
      <testcase name="Test Cases/Merchandising/_My Account/Navigate to My Account" classname="Test Cases/Merchandising/_My Account/Navigate to My Account" status="PASSED">
         <system-out><![CDATA[2018-09-12 09:32:28 - [TEST_CASE][PASSED] - Test Cases/Merchandising/_My Account/Navigate to My Account: Test Cases/Merchandising/_My Account/Navigate to My Account

2018-09-12 09:32:28 - [TEST_STEP][PASSED] - delay: Delayed 3 second(s)

2018-09-12 09:32:31 - [MESSAGE][PASSED] - Delayed 3 second(s)

2018-09-12 09:32:31 - [TEST_STEP][PASSED] - click: Object: 'Object Repository/Merchandising/tab- Dash Options' is clicked on

2018-09-12 09:32:31 - [MESSAGE][PASSED] - Object: 'Object Repository/Merchandising/tab- Dash Options' is clicked on

2018-09-12 09:32:31 - [TEST_STEP][PASSED] - delay: Delayed 3 second(s)

2018-09-12 09:32:34 - [MESSAGE][PASSED] - Delayed 3 second(s)]]></system-out>
         <system-err><![CDATA[]]></system-err>
      </testcase>
      <testcase name="Test Cases/Merchandising/_My Account/Verify- Roles Active" classname="Test Cases/Merchandising/_My Account/Verify- Roles Active" status="ERROR">
         <error type="ERROR" message="Test Cases/Merchandising/_My Account/Verify- Roles Active FAILED because (of) Page contains erroneous DATA"/>
         <system-out><![CDATA[2018-09-12 09:32:34 - [TEST_CASE][ERROR] - Test Cases/Merchandising/_My Account/Verify- Roles Active: Test Cases/Merchandising/_My Account/Verify- Roles Active FAILED because (of) Page contains erroneous DATA

2018-09-12 09:32:34 - [TEST_STEP][PASSED] - Statement - log = new com.kms.katalon.core.logging.KeywordLogger(): null

2018-09-12 09:32:34 - [TEST_STEP][PASSED] - click: Object: 'Object Repository/Merchandising/_My Account/span- Page' is clicked on

2018-09-12 09:32:34 - [MESSAGE][PASSED] - Object: 'Object Repository/Merchandising/_My Account/span- Page' is clicked on

2018-09-12 09:32:34 - [TEST_STEP][PASSED] - delay: Delayed 2 second(s)

2018-09-12 09:32:36 - [MESSAGE][PASSED] - Delayed 2 second(s)

2018-09-12 09:32:36 - [TEST_STEP][PASSED] - Statement - log.logWarning("Navigating to Role Master"): Navigating to Role Master

2018-09-12 09:32:36 - [MESSAGE][WARNING] - Navigating to Role Master

2018-09-12 09:32:36 - [TEST_STEP][PASSED] - Statement - pageText = com.kms.katalon.core.webui.keyword.WebUiBuiltInKeywords.getText(com.kms.katalon.core.testobject.ObjectRepository.findTestObject(Merchandising/_My Account/text- Roles Master)): Text of object 'Object Repository/Merchandising/_My Account/text- Roles Master' is: 'This screen is used to manage the roles in the system.'

2018-09-12 09:32:36 - [MESSAGE][PASSED] - Text of object 'Object Repository/Merchandising/_My Account/text- Roles Master' is: 'This screen is used to manage the roles in the system.'

2018-09-12 09:32:36 - [TEST_STEP][PASSED] - Statement - If (pageText.contains("roles")): Page text present on Roles Master = This screen is used to manage the roles in the system.

2018-09-12 09:32:36 - [TEST_STEP][PASSED] - Statement - log.logWarning("Page text present on Roles Master = " + pageText): Page text present on Roles Master = This screen is used to manage the roles in the system.

2018-09-12 09:32:36 - [MESSAGE][WARNING] - Page text present on Roles Master = This screen is used to manage the roles in the system.

2018-09-12 09:32:36 - [TEST_STEP][PASSED] - click: Object: 'Object Repository/Merchandising/_My Account/label- tabs -(All_Active_Inactive)' is clicked on

2018-09-12 09:32:37 - [MESSAGE][PASSED] - Object: 'Object Repository/Merchandising/_My Account/label- tabs -(All_Active_Inactive)' is clicked on

2018-09-12 09:32:37 - [TEST_STEP][PASSED] - Statement - driver = com.kms.katalon.core.webui.driver.DriverFactory.getWebDriver(): null

2018-09-12 09:32:37 - [TEST_STEP][PASSED] - Statement - Table = driver.findElement(org.openqa.selenium.By.xpath("//*/div[@class="col-sm-12"]//table")): null

2018-09-12 09:32:37 - [TEST_STEP][PASSED] - Statement - rows = Table.findElements(org.openqa.selenium.By.xpath("//*/div[@class="col-sm-12"]//table/tbody/tr/td[4]/button[3]")): null

2018-09-12 09:32:37 - [TEST_STEP][PASSED] - Statement - TotalRows = rows.size(): null

2018-09-12 09:32:37 - [TEST_STEP][ERROR] - Statement - If (TotalRows >= 1): null

2018-09-12 09:32:37 - [TEST_STEP][ERROR] - Statement - For ([i = 0, i < rows.size(), (i++)]): null

2018-09-12 09:32:37 - [TEST_STEP][PASSED] - Statement - columntext = rows.get(i).getText().toString(): null

2018-09-12 09:32:37 - [TEST_STEP][PASSED] - Statement - expectedText = "Deactivate": null

2018-09-12 09:32:37 - [TEST_STEP][ERROR] - Statement - If (columntext != expectedText): null

2018-09-12 09:32:37 - [TEST_STEP][ERROR] - Statement - log.logError("text on column " + i + " = " + columntext + " | Expected Text->" + expectedText): text on column 0 = Activate | Expected Text->Deactivate

2018-09-12 09:32:37 - [MESSAGE][ERROR] - text on column 0 = Activate | Expected Text->Deactivate

2018-09-12 09:32:37 - [TEST_STEP][PASSED] - Statement - com.kms.katalon.core.util.KeywordUtil.markError("Page contains erroneous DATA"): null

2018-09-12 09:32:37 - [TEST_STEP][PASSED] - Statement - columntext = rows.get(i).getText().toString(): null

2018-09-12 09:32:37 - [TEST_STEP][PASSED] - Statement - expectedText = "Deactivate": null

2018-09-12 09:32:37 - [TEST_STEP][ERROR] - Statement - If (columntext != expectedText): null

2018-09-12 09:32:37 - [TEST_STEP][ERROR] - Statement - log.logError("text on column " + i + " = " + columntext + " | Expected Text->" + expectedText): text on column 1 = Activate | Expected Text->Deactivate

2018-09-12 09:32:37 - [MESSAGE][ERROR] - text on column 1 = Activate | Expected Text->Deactivate

2018-09-12 09:32:37 - [TEST_STEP][PASSED] - Statement - com.kms.katalon.core.util.KeywordUtil.markError("Page contains erroneous DATA"): null

2018-09-12 09:32:37 - [TEST_STEP][PASSED] - Statement - columntext = rows.get(i).getText().toString(): null

2018-09-12 09:32:37 - [TEST_STEP][PASSED] - Statement - expectedText = "Deactivate": null

2018-09-12 09:32:37 - [TEST_STEP][ERROR] - Statement - If (columntext != expectedText): null

2018-09-12 09:32:37 - [TEST_STEP][ERROR] - Statement - log.logError("text on column " + i + " = " + columntext + " | Expected Text->" + expectedText): text on column 2 = Activate | Expected Text->Deactivate

2018-09-12 09:32:37 - [MESSAGE][ERROR] - text on column 2 = Activate | Expected Text->Deactivate

2018-09-12 09:32:37 - [TEST_STEP][PASSED] - Statement - com.kms.katalon.core.util.KeywordUtil.markError("Page contains erroneous DATA"): null

2018-09-12 09:32:37 - [TEST_STEP][PASSED] - Statement - columntext = rows.get(i).getText().toString(): null

2018-09-12 09:32:37 - [TEST_STEP][PASSED] - Statement - expectedText = "Deactivate": null

2018-09-12 09:32:37 - [TEST_STEP][ERROR] - Statement - If (columntext != expectedText): null

2018-09-12 09:32:37 - [TEST_STEP][ERROR] - Statement - log.logError("text on column " + i + " = " + columntext + " | Expected Text->" + expectedText): text on column 3 = Activate | Expected Text->Deactivate

2018-09-12 09:32:37 - [MESSAGE][ERROR] - text on column 3 = Activate | Expected Text->Deactivate

2018-09-12 09:32:37 - [TEST_STEP][PASSED] - Statement - com.kms.katalon.core.util.KeywordUtil.markError("Page contains erroneous DATA"): null

2018-09-12 09:32:37 - [TEST_STEP][PASSED] - Statement - columntext = rows.get(i).getText().toString(): null

2018-09-12 09:32:37 - [TEST_STEP][PASSED] - Statement - expectedText = "Deactivate": null

2018-09-12 09:32:37 - [TEST_STEP][ERROR] - Statement - If (columntext != expectedText): null

2018-09-12 09:32:37 - [TEST_STEP][ERROR] - Statement - log.logError("text on column " + i + " = " + columntext + " | Expected Text->" + expectedText): text on column 4 = Activate | Expected Text->Deactivate

2018-09-12 09:32:37 - [MESSAGE][ERROR] - text on column 4 = Activate | Expected Text->Deactivate

2018-09-12 09:32:37 - [TEST_STEP][PASSED] - Statement - com.kms.katalon.core.util.KeywordUtil.markError("Page contains erroneous DATA"): null

2018-09-12 09:32:37 - [TEST_STEP][PASSED] - Statement - columntext = rows.get(i).getText().toString(): null

2018-09-12 09:32:37 - [TEST_STEP][PASSED] - Statement - expectedText = "Deactivate": null

2018-09-12 09:32:37 - [TEST_STEP][ERROR] - Statement - If (columntext != expectedText): null

2018-09-12 09:32:37 - [TEST_STEP][ERROR] - Statement - log.logError("text on column " + i + " = " + columntext + " | Expected Text->" + expectedText): text on column 5 = Activate | Expected Text->Deactivate

2018-09-12 09:32:37 - [MESSAGE][ERROR] - text on column 5 = Activate | Expected Text->Deactivate

2018-09-12 09:32:37 - [TEST_STEP][PASSED] - Statement - com.kms.katalon.core.util.KeywordUtil.markError("Page contains erroneous DATA"): null

2018-09-12 09:32:37 - [TEST_STEP][PASSED] - Statement - columntext = rows.get(i).getText().toString(): null

2018-09-12 09:32:37 - [TEST_STEP][PASSED] - Statement - expectedText = "Deactivate": null

2018-09-12 09:32:37 - [TEST_STEP][ERROR] - Statement - If (columntext != expectedText): null

2018-09-12 09:32:37 - [TEST_STEP][ERROR] - Statement - log.logError("text on column " + i + " = " + columntext + " | Expected Text->" + expectedText): text on column 6 = Activate | Expected Text->Deactivate

2018-09-12 09:32:37 - [MESSAGE][ERROR] - text on column 6 = Activate | Expected Text->Deactivate

2018-09-12 09:32:37 - [TEST_STEP][PASSED] - Statement - com.kms.katalon.core.util.KeywordUtil.markError("Page contains erroneous DATA"): null

2018-09-12 09:32:37 - [TEST_STEP][PASSED] - Statement - columntext = rows.get(i).getText().toString(): null

2018-09-12 09:32:37 - [TEST_STEP][PASSED] - Statement - expectedText = "Deactivate": null

2018-09-12 09:32:37 - [TEST_STEP][ERROR] - Statement - If (columntext != expectedText): null

2018-09-12 09:32:37 - [TEST_STEP][ERROR] - Statement - log.logError("text on column " + i + " = " + columntext + " | Expected Text->" + expectedText): text on column 7 = Activate | Expected Text->Deactivate

2018-09-12 09:32:37 - [MESSAGE][ERROR] - text on column 7 = Activate | Expected Text->Deactivate

2018-09-12 09:32:37 - [TEST_STEP][PASSED] - Statement - com.kms.katalon.core.util.KeywordUtil.markError("Page contains erroneous DATA"): null

2018-09-12 09:32:37 - [TEST_STEP][PASSED] - Statement - columntext = rows.get(i).getText().toString(): null

2018-09-12 09:32:37 - [TEST_STEP][PASSED] - Statement - expectedText = "Deactivate": null

2018-09-12 09:32:37 - [TEST_STEP][ERROR] - Statement - If (columntext != expectedText): null

2018-09-12 09:32:37 - [TEST_STEP][ERROR] - Statement - log.logError("text on column " + i + " = " + columntext + " | Expected Text->" + expectedText): text on column 8 = Activate | Expected Text->Deactivate

2018-09-12 09:32:37 - [MESSAGE][ERROR] - text on column 8 = Activate | Expected Text->Deactivate

2018-09-12 09:32:37 - [TEST_STEP][PASSED] - Statement - com.kms.katalon.core.util.KeywordUtil.markError("Page contains erroneous DATA"): null

2018-09-12 09:32:37 - [TEST_STEP][PASSED] - Statement - columntext = rows.get(i).getText().toString(): null

2018-09-12 09:32:37 - [TEST_STEP][PASSED] - Statement - expectedText = "Deactivate": null

2018-09-12 09:32:37 - [TEST_STEP][ERROR] - Statement - If (columntext != expectedText): null

2018-09-12 09:32:37 - [TEST_STEP][ERROR] - Statement - log.logError("text on column " + i + " = " + columntext + " | Expected Text->" + expectedText): text on column 9 = Activate | Expected Text->Deactivate

2018-09-12 09:32:37 - [MESSAGE][ERROR] - text on column 9 = Activate | Expected Text->Deactivate

2018-09-12 09:32:37 - [TEST_STEP][PASSED] - Statement - com.kms.katalon.core.util.KeywordUtil.markError("Page contains erroneous DATA"): null

2018-09-12 09:32:37 - [TEST_STEP][PASSED] - Statement - columntext = rows.get(i).getText().toString(): null

2018-09-12 09:32:37 - [TEST_STEP][PASSED] - Statement - expectedText = "Deactivate": null

2018-09-12 09:32:37 - [TEST_STEP][ERROR] - Statement - If (columntext != expectedText): null

2018-09-12 09:32:37 - [TEST_STEP][ERROR] - Statement - log.logError("text on column " + i + " = " + columntext + " | Expected Text->" + expectedText): text on column 10 = Activate | Expected Text->Deactivate

2018-09-12 09:32:37 - [MESSAGE][ERROR] - text on column 10 = Activate | Expected Text->Deactivate

2018-09-12 09:32:37 - [TEST_STEP][PASSED] - Statement - com.kms.katalon.core.util.KeywordUtil.markError("Page contains erroneous DATA"): null]]></system-out>
         <system-err><![CDATA[2018-09-12 09:32:34 - [TEST_CASE][ERROR] - Test Cases/Merchandising/_My Account/Verify- Roles Active: Test Cases/Merchandising/_My Account/Verify- Roles Active FAILED because (of) Page contains erroneous DATA]]></system-err>
      </testcase>
      <testcase name="Test Cases/Merchandising/_My Account/Verify- Roles Inactive" classname="Test Cases/Merchandising/_My Account/Verify- Roles Inactive" status="PASSED">
         <system-out><![CDATA[2018-09-12 09:32:37 - [TEST_CASE][PASSED] - Test Cases/Merchandising/_My Account/Verify- Roles Inactive: Test Cases/Merchandising/_My Account/Verify- Roles Inactive

2018-09-12 09:32:37 - [TEST_STEP][PASSED] - Statement - log = new com.kms.katalon.core.logging.KeywordLogger(): null

2018-09-12 09:32:37 - [TEST_STEP][PASSED] - click: Object: 'Object Repository/Merchandising/_My Account/span- Page' is clicked on

2018-09-12 09:32:37 - [MESSAGE][PASSED] - Object: 'Object Repository/Merchandising/_My Account/span- Page' is clicked on

2018-09-12 09:32:37 - [TEST_STEP][PASSED] - delay: Delayed 2 second(s)

2018-09-12 09:32:39 - [MESSAGE][PASSED] - Delayed 2 second(s)

2018-09-12 09:32:39 - [TEST_STEP][PASSED] - Statement - log.logWarning("Navigating to Role Master"): Navigating to Role Master

2018-09-12 09:32:39 - [MESSAGE][WARNING] - Navigating to Role Master

2018-09-12 09:32:39 - [TEST_STEP][PASSED] - Statement - pageText = com.kms.katalon.core.webui.keyword.WebUiBuiltInKeywords.getText(com.kms.katalon.core.testobject.ObjectRepository.findTestObject(Merchandising/_My Account/text- Roles Master)): Text of object 'Object Repository/Merchandising/_My Account/text- Roles Master' is: 'This screen is used to manage the roles in the system.'

2018-09-12 09:32:39 - [MESSAGE][PASSED] - Text of object 'Object Repository/Merchandising/_My Account/text- Roles Master' is: 'This screen is used to manage the roles in the system.'

2018-09-12 09:32:39 - [TEST_STEP][PASSED] - Statement - If (pageText.contains("roles")): Page text present on Roles Master = This screen is used to manage the roles in the system.

2018-09-12 09:32:39 - [TEST_STEP][PASSED] - Statement - log.logWarning("Page text present on Roles Master = " + pageText): Page text present on Roles Master = This screen is used to manage the roles in the system.

2018-09-12 09:32:39 - [MESSAGE][WARNING] - Page text present on Roles Master = This screen is used to manage the roles in the system.

2018-09-12 09:32:39 - [TEST_STEP][PASSED] - click: Object: 'Object Repository/Merchandising/_My Account/label- tabs -(All_Active_Inactive)' is clicked on

2018-09-12 09:32:44 - [MESSAGE][PASSED] - Object: 'Object Repository/Merchandising/_My Account/label- tabs -(All_Active_Inactive)' is clicked on

2018-09-12 09:32:44 - [TEST_STEP][PASSED] - delay: Delayed 2 second(s)

2018-09-12 09:32:46 - [MESSAGE][PASSED] - Delayed 2 second(s)

2018-09-12 09:32:46 - [TEST_STEP][PASSED] - Statement - driver = com.kms.katalon.core.webui.driver.DriverFactory.getWebDriver(): null

2018-09-12 09:32:46 - [TEST_STEP][PASSED] - Statement - Table = driver.findElement(org.openqa.selenium.By.xpath("//*/div[@class="col-sm-12"]//table")): null

2018-09-12 09:32:46 - [TEST_STEP][PASSED] - Statement - rows = Table.findElements(org.openqa.selenium.By.xpath("//*/div[@class="col-sm-12"]//table/tbody/tr/td[4]/button[3]")): null

2018-09-12 09:32:46 - [TEST_STEP][PASSED] - Statement - TotalRows = rows.size(): null

2018-09-12 09:32:46 - [TEST_STEP][PASSED] - Statement - If (TotalRows >= 1): null

2018-09-12 09:32:46 - [TEST_STEP][PASSED] - Statement - Else: Nothing to verify as there are currently no InActive Roles

2018-09-12 09:32:46 - [TEST_STEP][PASSED] - Statement - log.logWarning("Nothing to verify as there are currently no InActive Roles"): Nothing to verify as there are currently no InActive Roles

2018-09-12 09:32:46 - [MESSAGE][WARNING] - Nothing to verify as there are currently no InActive Roles]]></system-out>
         <system-err><![CDATA[]]></system-err>
      </testcase>
      <testcase name="Test Cases/Merchandising/_My Account/Verify- Users Active" classname="Test Cases/Merchandising/_My Account/Verify- Users Active" status="ERROR">
         <error type="ERROR" message="Test Cases/Merchandising/_My Account/Verify- Users Active FAILED because (of) Variable 'rows' is not defined for test case."/>
         <system-out><![CDATA[2018-09-12 09:32:46 - [TEST_CASE][ERROR] - Test Cases/Merchandising/_My Account/Verify- Users Active: Test Cases/Merchandising/_My Account/Verify- Users Active FAILED because (of) Variable 'rows' is not defined for test case.

2018-09-12 09:32:46 - [TEST_STEP][PASSED] - Statement - log = new com.kms.katalon.core.logging.KeywordLogger(): null

2018-09-12 09:32:46 - [TEST_STEP][PASSED] - click: Object: 'Object Repository/Merchandising/_My Account/span- Page' is clicked on

2018-09-12 09:32:46 - [MESSAGE][PASSED] - Object: 'Object Repository/Merchandising/_My Account/span- Page' is clicked on

2018-09-12 09:32:46 - [TEST_STEP][PASSED] - delay: Delayed 2 second(s)

2018-09-12 09:32:48 - [MESSAGE][PASSED] - Delayed 2 second(s)

2018-09-12 09:32:48 - [TEST_STEP][PASSED] - Statement - log.logWarning("Navigating to User Master"): Navigating to User Master

2018-09-12 09:32:48 - [MESSAGE][WARNING] - Navigating to User Master

2018-09-12 09:32:48 - [TEST_STEP][PASSED] - Statement - pageText = com.kms.katalon.core.webui.keyword.WebUiBuiltInKeywords.getText(com.kms.katalon.core.testobject.ObjectRepository.findTestObject(Merchandising/_My Account/text- User Master)): Text of object 'Object Repository/Merchandising/_My Account/text- User Master' is: 'This screen is used to manage the users in the system.'

2018-09-12 09:32:48 - [MESSAGE][PASSED] - Text of object 'Object Repository/Merchandising/_My Account/text- User Master' is: 'This screen is used to manage the users in the system.'

2018-09-12 09:32:48 - [TEST_STEP][PASSED] - Statement - If (pageText.contains("manage the users")): Page text present on User Master = This screen is used to manage the users in the system.

2018-09-12 09:32:48 - [TEST_STEP][PASSED] - Statement - log.logWarning("Page text present on User Master = " + pageText): Page text present on User Master = This screen is used to manage the users in the system.

2018-09-12 09:32:48 - [MESSAGE][WARNING] - Page text present on User Master = This screen is used to manage the users in the system.

2018-09-12 09:32:48 - [TEST_STEP][PASSED] - click: Object: 'Object Repository/Merchandising/_My Account/label- tabs -(All_Active_Inactive)' is clicked on

2018-09-12 09:32:48 - [MESSAGE][PASSED] - Object: 'Object Repository/Merchandising/_My Account/label- tabs -(All_Active_Inactive)' is clicked on

2018-09-12 09:32:48 - [TEST_STEP][PASSED] - Statement - driver = com.kms.katalon.core.webui.driver.DriverFactory.getWebDriver(): null

2018-09-12 09:32:48 - [TEST_STEP][PASSED] - Statement - Table = driver.findElement(org.openqa.selenium.By.xpath("//*/div[@class="col-sm-12"]//table")): null

2018-09-12 09:32:48 - [TEST_STEP][PASSED] - Statement - TotalRows = rows.size(): null]]></system-out>
         <system-err><![CDATA[2018-09-12 09:32:46 - [TEST_CASE][ERROR] - Test Cases/Merchandising/_My Account/Verify- Users Active: Test Cases/Merchandising/_My Account/Verify- Users Active FAILED because (of) Variable 'rows' is not defined for test case.]]></system-err>
      </testcase>
      <testcase name="Test Cases/Merchandising/_My Account/Verify- Users Inactive" classname="Test Cases/Merchandising/_My Account/Verify- Users Inactive" status="PASSED">
         <system-out><![CDATA[2018-09-12 09:32:48 - [TEST_CASE][PASSED] - Test Cases/Merchandising/_My Account/Verify- Users Inactive: Test Cases/Merchandising/_My Account/Verify- Users Inactive

2018-09-12 09:32:48 - [TEST_STEP][PASSED] - Statement - log = new com.kms.katalon.core.logging.KeywordLogger(): null

2018-09-12 09:32:48 - [TEST_STEP][PASSED] - click: Object: 'Object Repository/Merchandising/_My Account/span- Page' is clicked on

2018-09-12 09:32:48 - [MESSAGE][PASSED] - Object: 'Object Repository/Merchandising/_My Account/span- Page' is clicked on

2018-09-12 09:32:48 - [TEST_STEP][PASSED] - delay: Delayed 2 second(s)

2018-09-12 09:32:50 - [MESSAGE][PASSED] - Delayed 2 second(s)

2018-09-12 09:32:50 - [TEST_STEP][PASSED] - Statement - log.logWarning("Navigating to User Master"): Navigating to User Master

2018-09-12 09:32:50 - [MESSAGE][WARNING] - Navigating to User Master

2018-09-12 09:32:50 - [TEST_STEP][PASSED] - Statement - pageText = com.kms.katalon.core.webui.keyword.WebUiBuiltInKeywords.getText(com.kms.katalon.core.testobject.ObjectRepository.findTestObject(Merchandising/_My Account/text- User Master)): Text of object 'Object Repository/Merchandising/_My Account/text- User Master' is: 'This screen is used to manage the users in the system.'

2018-09-12 09:32:50 - [MESSAGE][PASSED] - Text of object 'Object Repository/Merchandising/_My Account/text- User Master' is: 'This screen is used to manage the users in the system.'

2018-09-12 09:32:50 - [TEST_STEP][PASSED] - Statement - If (pageText.contains("manage the users")): Page text present on User Master = This screen is used to manage the users in the system.

2018-09-12 09:32:50 - [TEST_STEP][PASSED] - Statement - log.logWarning("Page text present on User Master = " + pageText): Page text present on User Master = This screen is used to manage the users in the system.

2018-09-12 09:32:50 - [MESSAGE][WARNING] - Page text present on User Master = This screen is used to manage the users in the system.

2018-09-12 09:32:50 - [TEST_STEP][PASSED] - click: Object: 'Object Repository/Merchandising/_My Account/label- tabs -(All_Active_Inactive)' is clicked on

2018-09-12 09:32:51 - [MESSAGE][PASSED] - Object: 'Object Repository/Merchandising/_My Account/label- tabs -(All_Active_Inactive)' is clicked on

2018-09-12 09:32:51 - [TEST_STEP][PASSED] - delay: Delayed 2 second(s)

2018-09-12 09:32:53 - [MESSAGE][PASSED] - Delayed 2 second(s)

2018-09-12 09:32:53 - [TEST_STEP][PASSED] - Statement - driver = com.kms.katalon.core.webui.driver.DriverFactory.getWebDriver(): null

2018-09-12 09:32:53 - [TEST_STEP][PASSED] - Statement - Table = driver.findElement(org.openqa.selenium.By.xpath("//*/div[@class="col-sm-12"]//table")): null

2018-09-12 09:32:53 - [TEST_STEP][PASSED] - Statement - rows = Table.findElements(org.openqa.selenium.By.xpath("//*/div[@class="col-sm-12"]//table/tbody/tr/td[4]/button[3]")): null

2018-09-12 09:32:53 - [TEST_STEP][PASSED] - Statement - TotalRows = rows.size(): null

2018-09-12 09:32:53 - [TEST_STEP][PASSED] - Statement - If (TotalRows >= 1): null

2018-09-12 09:32:53 - [TEST_STEP][PASSED] - Statement - Else: Nothing to verify as there are currently no InActive Users

2018-09-12 09:32:53 - [TEST_STEP][PASSED] - Statement - log.logWarning("Nothing to verify as there are currently no InActive Users"): Nothing to verify as there are currently no InActive Users

2018-09-12 09:32:53 - [MESSAGE][WARNING] - Nothing to verify as there are currently no InActive Users]]></system-out>
         <system-err><![CDATA[]]></system-err>
      </testcase>
      <system-out><![CDATA[2018-09-12 09:32:08 - [TEST_SUITE][ERROR] - Regression (Role and User Master): Test Cases/Merchandising/_My Account/Verify- Roles Active FAILED because (of) Page contains erroneous DATA]]></system-out>
      <system-err><![CDATA[2018-09-12 09:32:08 - [TEST_SUITE][ERROR] - Regression (Role and User Master): Test Cases/Merchandising/_My Account/Verify- Roles Active FAILED because (of) Page contains erroneous DATA]]></system-err>
   </testsuite>
</testsuites>
