<?xml version="1.0" encoding="UTF-8"?>
<testsuites name="Regression- My Account- Roles" time="71" tests="7" failures="0" errors="1">
   <testsuite name="Regression- My Account- Roles" tests="7" failures="0" errors="1" time="71" timestamp="2018-09-13 16:51:28" hostname="PRISCILLA - 192.168.13.172" id="Test Suites/Regression- My Account- Roles">
      <properties>
         <property name="deviceName" value=""/>
         <property name="devicePlatform" value=""/>
         <property name="logFolder" value="D:\\Automation Katalon\\DukaMili\\Reports\\Regression- My Account- Roles\\20180913_165127"/>
         <property name="logFiles" value="D:\\Automation Katalon\\DukaMili\\Reports\\Regression- My Account- Roles\\20180913_165127\\execution0.log"/>
         <property name="attachments" value=""/>
         <property name="hostName" value="PRISCILLA - 192.168.13.172"/>
         <property name="os" value="Windows 10 64bit"/>
         <property name="katalonVersion" value="5.4.2.1"/>
         <property name="browser" value="Chrome 68.0.3440.106"/>
         <property name="hostAddress" value="192.168.13.172"/>
         <property name="sessionId" value="a8744b7128b19fe512ac593d1eae8fe2"/>
         <property name="seleniumVersion" value="3.7.1"/>
         <property name="proxyInformation" value="ProxyInformation{proxyOption=NO_PROXY, proxyServerType=HTTP, password=, proxyServerAddress=, proxyServerPort=0}"/>
         <property name="platform" value="Windows 10"/>
      </properties>
      <testcase name="Test Cases/1. Login_Logout/Login- Standard Admin" classname="Test Cases/1. Login_Logout/Login- Standard Admin" status="PASSED">
         <system-out><![CDATA[2018-09-13 16:51:28 - [TEST_CASE][PASSED] - Test Cases/1. Login_Logout/Login- Standard Admin: Test Cases/1. Login_Logout/Login- Standard Admin

2018-09-13 16:51:28 - [TEST_STEP][PASSED] - Start listener action : sampleBeforeTestCase: --- Begin Test:= Test Cases/1. Login_Logout/Login- Standard Admin ---

2018-09-13 16:51:28 - [TEST_STEP][PASSED] - Statement - log.logWarning("--- Begin Test:= " + testCaseContext.getTestCaseId() + " ---"): --- Begin Test:= Test Cases/1. Login_Logout/Login- Standard Admin ---

2018-09-13 16:51:28 - [MESSAGE][WARNING] - --- Begin Test:= Test Cases/1. Login_Logout/Login- Standard Admin ---

2018-09-13 16:51:28 - [TEST_STEP][PASSED] - Statement - log = new com.kms.katalon.core.logging.KeywordLogger(): null

2018-09-13 16:51:28 - [TEST_STEP][PASSED] - openBrowser: Browser is opened with url: 'http://localhost:9632/#/page/login'

2018-09-13 16:51:33 - [MESSAGE][PASSED] - Browser is opened with url: 'http://localhost:9632/#/page/login'

2018-09-13 16:51:33 - [TEST_STEP][PASSED] - Statement - log.logWarning("URL in Use: " + baseURL): URL in Use: http://localhost:9632/#/page/login

2018-09-13 16:51:33 - [MESSAGE][WARNING] - URL in Use: http://localhost:9632/#/page/login

2018-09-13 16:51:33 - [TEST_STEP][PASSED] - maximizeWindow: Current window maximized

2018-09-13 16:51:33 - [MESSAGE][PASSED] - Current window maximized

2018-09-13 16:51:33 - [TEST_STEP][PASSED] - delay: Delayed 1 second(s)

2018-09-13 16:51:34 - [MESSAGE][PASSED] - Delayed 1 second(s)

2018-09-13 16:51:34 - [TEST_STEP][PASSED] - setEncryptedText: Text ****** has been set on object 'Object Repository/Login_Logout/input- UserName'

2018-09-13 16:51:35 - [MESSAGE][PASSED] - Text ****** has been set on object 'Object Repository/Login_Logout/input- UserName'

2018-09-13 16:51:35 - [TEST_STEP][PASSED] - click: Object: 'Object Repository/Login_Logout/btn- Next' is clicked on

2018-09-13 16:51:35 - [MESSAGE][PASSED] - Object: 'Object Repository/Login_Logout/btn- Next' is clicked on

2018-09-13 16:51:35 - [TEST_STEP][PASSED] - delay: Delayed 2 second(s)

2018-09-13 16:51:37 - [MESSAGE][PASSED] - Delayed 2 second(s)

2018-09-13 16:51:37 - [TEST_STEP][PASSED] - setEncryptedText: Text ****** has been set on object 'Object Repository/Login_Logout/input- Password'

2018-09-13 16:51:37 - [MESSAGE][PASSED] - Text ****** has been set on object 'Object Repository/Login_Logout/input- Password'

2018-09-13 16:51:37 - [TEST_STEP][PASSED] - click: Object: 'Object Repository/Login_Logout/btn- Login' is clicked on

2018-09-13 16:51:37 - [MESSAGE][PASSED] - Object: 'Object Repository/Login_Logout/btn- Login' is clicked on

2018-09-13 16:51:37 - [TEST_STEP][PASSED] - delay: Delayed 2 second(s)

2018-09-13 16:51:39 - [MESSAGE][PASSED] - Delayed 2 second(s)

2018-09-13 16:51:39 - [TEST_STEP][PASSED] - Statement - If (com.kms.katalon.core.webui.keyword.WebUiBuiltInKeywords.verifyTextNotPresent("Sign in to Continue", false, OPTIONAL)): Successfully Loged Into WebApp

2018-09-13 16:51:39 - [MESSAGE][PASSED] - Text 'Sign in to Continue' is not present on page

2018-09-13 16:51:39 - [TEST_STEP][PASSED] - Statement - log.logWarning("Successfully Loged Into WebApp"): Successfully Loged Into WebApp

2018-09-13 16:51:39 - [MESSAGE][WARNING] - Successfully Loged Into WebApp

2018-09-13 16:51:39 - [TEST_STEP][PASSED] - Start listener action : sampleAfterTestCase: --- End Test:= Test Cases/1. Login_Logout/Login- Standard Admin ---

2018-09-13 16:51:39 - [TEST_STEP][PASSED] - Statement - testCaseContextB = testCaseContext.getTestCaseId(): null

2018-09-13 16:51:39 - [TEST_STEP][PASSED] - Statement - log.logWarning("--- End Test:= " + testCaseContextB + " ---"): --- End Test:= Test Cases/1. Login_Logout/Login- Standard Admin ---

2018-09-13 16:51:39 - [MESSAGE][WARNING] - --- End Test:= Test Cases/1. Login_Logout/Login- Standard Admin ---]]></system-out>
         <system-err><![CDATA[]]></system-err>
      </testcase>
      <testcase name="Test Cases/Merchandising_My Account/_Roles/Navigate to Roles Master" classname="Test Cases/Merchandising_My Account/_Roles/Navigate to Roles Master" status="PASSED">
         <system-out><![CDATA[2018-09-13 16:51:39 - [TEST_CASE][PASSED] - Test Cases/Merchandising_My Account/_Roles/Navigate to Roles Master: Test Cases/Merchandising_My Account/_Roles/Navigate to Roles Master

2018-09-13 16:51:39 - [TEST_STEP][PASSED] - Start listener action : sampleBeforeTestCase: --- Begin Test:= Test Cases/Merchandising_My Account/_Roles/Navigate to Roles Master ---

2018-09-13 16:51:40 - [TEST_STEP][PASSED] - Statement - log.logWarning("--- Begin Test:= " + testCaseContext.getTestCaseId() + " ---"): --- Begin Test:= Test Cases/Merchandising_My Account/_Roles/Navigate to Roles Master ---

2018-09-13 16:51:40 - [MESSAGE][WARNING] - --- Begin Test:= Test Cases/Merchandising_My Account/_Roles/Navigate to Roles Master ---

2018-09-13 16:51:40 - [TEST_STEP][PASSED] - Statement - log = new com.kms.katalon.core.logging.KeywordLogger(): null

2018-09-13 16:51:40 - [TEST_STEP][PASSED] - delay: Delayed 1 second(s)

2018-09-13 16:51:41 - [MESSAGE][PASSED] - Delayed 1 second(s)

2018-09-13 16:51:41 - [TEST_STEP][PASSED] - click: Object: 'Object Repository/Landing Page/tab- Dash Options' is clicked on

2018-09-13 16:51:41 - [MESSAGE][PASSED] - Object: 'Object Repository/Landing Page/tab- Dash Options' is clicked on

2018-09-13 16:51:41 - [TEST_STEP][PASSED] - delay: Delayed 2 second(s)

2018-09-13 16:51:43 - [MESSAGE][PASSED] - Delayed 2 second(s)

2018-09-13 16:51:43 - [TEST_STEP][PASSED] - click: Object: 'Object Repository/Merchandising/_My Account/span- Page' is clicked on

2018-09-13 16:51:43 - [MESSAGE][PASSED] - Object: 'Object Repository/Merchandising/_My Account/span- Page' is clicked on

2018-09-13 16:51:43 - [TEST_STEP][PASSED] - delay: Delayed 2 second(s)

2018-09-13 16:51:45 - [MESSAGE][PASSED] - Delayed 2 second(s)

2018-09-13 16:51:45 - [TEST_STEP][PASSED] - Statement - log.logWarning("Navigating to Role Master"): Navigating to Role Master

2018-09-13 16:51:45 - [MESSAGE][WARNING] - Navigating to Role Master

2018-09-13 16:51:45 - [TEST_STEP][PASSED] - Statement - pageText = com.kms.katalon.core.webui.keyword.WebUiBuiltInKeywords.getText(com.kms.katalon.core.testobject.ObjectRepository.findTestObject(Merchandising/_My Account/text- Roles Master)): Text of object 'Object Repository/Merchandising/_My Account/text- Roles Master' is: 'This screen is used to manage the roles in the system.'

2018-09-13 16:51:45 - [MESSAGE][PASSED] - Text of object 'Object Repository/Merchandising/_My Account/text- Roles Master' is: 'This screen is used to manage the roles in the system.'

2018-09-13 16:51:45 - [TEST_STEP][PASSED] - Statement - If (pageText.contains("roles")): Page text present on Roles Master = This screen is used to manage the roles in the system.

2018-09-13 16:51:45 - [TEST_STEP][PASSED] - Statement - log.logWarning("Page text present on Roles Master = " + pageText): Page text present on Roles Master = This screen is used to manage the roles in the system.

2018-09-13 16:51:45 - [MESSAGE][WARNING] - Page text present on Roles Master = This screen is used to manage the roles in the system.

2018-09-13 16:51:45 - [TEST_STEP][PASSED] - delay: Delayed 1 second(s)

2018-09-13 16:51:46 - [MESSAGE][PASSED] - Delayed 1 second(s)

2018-09-13 16:51:46 - [TEST_STEP][PASSED] - Start listener action : sampleAfterTestCase: --- End Test:= Test Cases/Merchandising_My Account/_Roles/Navigate to Roles Master ---

2018-09-13 16:51:46 - [TEST_STEP][PASSED] - Statement - testCaseContextB = testCaseContext.getTestCaseId(): null

2018-09-13 16:51:46 - [TEST_STEP][PASSED] - Statement - log.logWarning("--- End Test:= " + testCaseContextB + " ---"): --- End Test:= Test Cases/Merchandising_My Account/_Roles/Navigate to Roles Master ---

2018-09-13 16:51:46 - [MESSAGE][WARNING] - --- End Test:= Test Cases/Merchandising_My Account/_Roles/Navigate to Roles Master ---]]></system-out>
         <system-err><![CDATA[]]></system-err>
      </testcase>
      <testcase name="Test Cases/Merchandising_My Account/_Roles/Verify- Bulk Action De-Activate" classname="Test Cases/Merchandising_My Account/_Roles/Verify- Bulk Action De-Activate" status="PASSED">
         <system-out><![CDATA[2018-09-13 16:51:46 - [TEST_CASE][PASSED] - Test Cases/Merchandising_My Account/_Roles/Verify- Bulk Action De-Activate: Test Cases/Merchandising_My Account/_Roles/Verify- Bulk Action De-Activate

2018-09-13 16:51:46 - [TEST_STEP][PASSED] - Start listener action : sampleBeforeTestCase: --- Begin Test:= Test Cases/Merchandising_My Account/_Roles/Verify- Bulk Action De-Activate ---

2018-09-13 16:51:46 - [TEST_STEP][PASSED] - Statement - log.logWarning("--- Begin Test:= " + testCaseContext.getTestCaseId() + " ---"): --- Begin Test:= Test Cases/Merchandising_My Account/_Roles/Verify- Bulk Action De-Activate ---

2018-09-13 16:51:46 - [MESSAGE][WARNING] - --- Begin Test:= Test Cases/Merchandising_My Account/_Roles/Verify- Bulk Action De-Activate ---

2018-09-13 16:51:46 - [TEST_STEP][PASSED] - Statement - log = new com.kms.katalon.core.logging.KeywordLogger(): null

2018-09-13 16:51:46 - [TEST_STEP][PASSED] - delay: Delayed 2 second(s)

2018-09-13 16:51:48 - [MESSAGE][PASSED] - Delayed 2 second(s)

2018-09-13 16:51:48 - [TEST_STEP][PASSED] - click: Object: 'Object Repository/Merchandising/_My Account/label- tabs -(All_Active_Inactive)' is clicked on

2018-09-13 16:51:48 - [MESSAGE][PASSED] - Object: 'Object Repository/Merchandising/_My Account/label- tabs -(All_Active_Inactive)' is clicked on

2018-09-13 16:51:48 - [TEST_STEP][PASSED] - delay: Delayed 2 second(s)

2018-09-13 16:51:50 - [MESSAGE][PASSED] - Delayed 2 second(s)

2018-09-13 16:51:50 - [TEST_STEP][PASSED] - Statement - driver = com.kms.katalon.core.webui.driver.DriverFactory.getWebDriver(): null

2018-09-13 16:51:50 - [TEST_STEP][PASSED] - Statement - Table = driver.findElement(org.openqa.selenium.By.xpath("//*/div[@class="col-sm-12"]//table")): null

2018-09-13 16:51:50 - [TEST_STEP][PASSED] - Statement - rows = Table.findElements(org.openqa.selenium.By.xpath("//*/div[@class="col-sm-12"]//table/tbody/tr/td[4]/button[3]")): null

2018-09-13 16:51:50 - [TEST_STEP][PASSED] - Statement - TotalRows = rows.size(): null

2018-09-13 16:51:50 - [TEST_STEP][PASSED] - Statement - If (TotalRows >= 2): Object: 'Object Repository/Merchandising/_My Account/btn- Search' is clicked on

2018-09-13 16:51:50 - [TEST_STEP][PASSED] - Statement - roleName_Active = com.kms.katalon.core.webui.keyword.WebUiBuiltInKeywords.getText(com.kms.katalon.core.testobject.ObjectRepository.findTestObject(Merchandising/_My Account/table- Verify Data, [row:2, col:2])): Text of object 'Object Repository/Merchandising/_My Account/table- Verify Data' is: 'posUser'

2018-09-13 16:51:50 - [MESSAGE][PASSED] - Text of object 'Object Repository/Merchandising/_My Account/table- Verify Data' is: 'posUser'

2018-09-13 16:51:50 - [TEST_STEP][PASSED] - Statement - log.logWarning("The Role Name selected before Bulk Deactivation = " + roleName_Active): The Role Name selected before Bulk Deactivation = posUser

2018-09-13 16:51:50 - [MESSAGE][WARNING] - The Role Name selected before Bulk Deactivation = posUser

2018-09-13 16:51:50 - [TEST_STEP][PASSED] - click: Object: 'Object Repository/Merchandising/_My Account/table- Check All' is clicked on

2018-09-13 16:51:51 - [MESSAGE][PASSED] - Object: 'Object Repository/Merchandising/_My Account/table- Check All' is clicked on

2018-09-13 16:51:51 - [TEST_STEP][PASSED] - delay: Delayed 1 second(s)

2018-09-13 16:51:52 - [MESSAGE][PASSED] - Delayed 1 second(s)

2018-09-13 16:51:52 - [TEST_STEP][PASSED] - click: Object: 'Object Repository/Merchandising/_My Account/dropdown- Bulk Action' is clicked on

2018-09-13 16:51:52 - [MESSAGE][PASSED] - Object: 'Object Repository/Merchandising/_My Account/dropdown- Bulk Action' is clicked on

2018-09-13 16:51:52 - [TEST_STEP][PASSED] - click: Object: 'Object Repository/Merchandising/_My Account/dropdown- Select- Bulk Action' is clicked on

2018-09-13 16:51:52 - [MESSAGE][PASSED] - Object: 'Object Repository/Merchandising/_My Account/dropdown- Select- Bulk Action' is clicked on

2018-09-13 16:51:52 - [TEST_STEP][PASSED] - click: Object: 'Object Repository/Merchandising/_My Account/btn- Apply' is clicked on

2018-09-13 16:51:52 - [MESSAGE][PASSED] - Object: 'Object Repository/Merchandising/_My Account/btn- Apply' is clicked on

2018-09-13 16:51:52 - [TEST_STEP][PASSED] - delay: Delayed 2 second(s)

2018-09-13 16:51:54 - [MESSAGE][PASSED] - Delayed 2 second(s)

2018-09-13 16:51:54 - [TEST_STEP][PASSED] - Statement - If (com.kms.katalon.core.webui.keyword.WebUiBuiltInKeywords.verifyElementPresent(com.kms.katalon.core.testobject.ObjectRepository.findTestObject(Merchandising/_My Account/element- PopUp), 5, OPTIONAL)): PopUp Successfully Displayed For Attempted Deactivation

2018-09-13 16:51:54 - [MESSAGE][PASSED] - Object 'Object Repository/Merchandising/_My Account/element- PopUp' is present

2018-09-13 16:51:54 - [TEST_STEP][PASSED] - click: Object: 'Object Repository/Merchandising/_My Account/element- PopUp- btn Select' is clicked on

2018-09-13 16:51:54 - [MESSAGE][PASSED] - Object: 'Object Repository/Merchandising/_My Account/element- PopUp- btn Select' is clicked on

2018-09-13 16:51:54 - [TEST_STEP][PASSED] - Statement - log.logWarning("PopUp Successfully Displayed For Attempted Deactivation"): PopUp Successfully Displayed For Attempted Deactivation

2018-09-13 16:51:54 - [MESSAGE][WARNING] - PopUp Successfully Displayed For Attempted Deactivation

2018-09-13 16:51:54 - [TEST_STEP][PASSED] - Statement - Messsage_PopUp = com.kms.katalon.core.webui.keyword.WebUiBuiltInKeywords.getText(com.kms.katalon.core.testobject.ObjectRepository.findTestObject(Merchandising/_My Account/PopUp- Acti_DeActi(vation) Message)): Text of object 'Object Repository/Merchandising/_My Account/PopUp- Acti_DeActi(vation) Message' is: 'Success
Deactivated 11 items successfully.'

2018-09-13 16:51:55 - [MESSAGE][PASSED] - Text of object 'Object Repository/Merchandising/_My Account/PopUp- Acti_DeActi(vation) Message' is: 'Success
Deactivated 11 items successfully.'

2018-09-13 16:51:55 - [TEST_STEP][PASSED] - Statement - If (Messsage_PopUp.contains("Success")): Successfully Performed Bulk Deactivation Action

2018-09-13 16:51:55 - [TEST_STEP][PASSED] - Statement - log.logWarning("Message on Deactivation = | " + Messsage_PopUp): Message on Deactivation = | Success
Deactivated 11 items successfully.

2018-09-13 16:51:55 - [MESSAGE][WARNING] - Message on Deactivation = | Success
Deactivated 11 items successfully.

2018-09-13 16:51:55 - [TEST_STEP][PASSED] - Statement - log.logWarning("Successfully Performed Bulk Deactivation Action"): Successfully Performed Bulk Deactivation Action

2018-09-13 16:51:55 - [MESSAGE][WARNING] - Successfully Performed Bulk Deactivation Action

2018-09-13 16:51:55 - [TEST_STEP][PASSED] - setText: Text 'posUser' is set on object 'Object Repository/Merchandising/_My Account/input- Search'

2018-09-13 16:51:55 - [MESSAGE][PASSED] - Text 'posUser' is set on object 'Object Repository/Merchandising/_My Account/input- Search'

2018-09-13 16:51:55 - [TEST_STEP][PASSED] - click: Object: 'Object Repository/Merchandising/_My Account/btn- Search' is clicked on

2018-09-13 16:51:55 - [MESSAGE][PASSED] - Object: 'Object Repository/Merchandising/_My Account/btn- Search' is clicked on

2018-09-13 16:51:55 - [TEST_STEP][PASSED] - delay: Delayed 2 second(s)

2018-09-13 16:51:57 - [MESSAGE][PASSED] - Delayed 2 second(s)

2018-09-13 16:51:57 - [TEST_STEP][PASSED] - Statement - If (com.kms.katalon.core.webui.keyword.WebUiBuiltInKeywords.verifyElementNotPresent(com.kms.katalon.core.testobject.ObjectRepository.findTestObject(Merchandising/_My Account/table- Verify Data, [row:1, col:2]), 5, OPTIONAL)): Successfully Verified Previously Seected Role No Longer Active

2018-09-13 16:51:57 - [MESSAGE][PASSED] - Web element with id: 'Object Repository/Merchandising/_My Account/table- Verify Data' located by 'By.xpath: //*/div[@class="col-sm-12"]//table/tbody/tr[1]/td[2]' is not present after '5' second(s)

2018-09-13 16:51:57 - [TEST_STEP][PASSED] - Statement - log.logWarning("Successfully Verified Previously Seected Role No Longer Active"): Successfully Verified Previously Seected Role No Longer Active

2018-09-13 16:51:57 - [MESSAGE][WARNING] - Successfully Verified Previously Seected Role No Longer Active

2018-09-13 16:51:57 - [TEST_STEP][PASSED] - clearText: Text of object 'Object Repository/Merchandising/_My Account/input- Search' is cleared

2018-09-13 16:51:57 - [MESSAGE][PASSED] - Text of object 'Object Repository/Merchandising/_My Account/input- Search' is cleared

2018-09-13 16:51:57 - [TEST_STEP][PASSED] - click: Object: 'Object Repository/Merchandising/_My Account/btn- Search' is clicked on

2018-09-13 16:51:57 - [MESSAGE][PASSED] - Object: 'Object Repository/Merchandising/_My Account/btn- Search' is clicked on

2018-09-13 16:51:57 - [TEST_STEP][PASSED] - Start listener action : sampleAfterTestCase: --- End Test:= Test Cases/Merchandising_My Account/_Roles/Verify- Bulk Action De-Activate ---

2018-09-13 16:51:57 - [TEST_STEP][PASSED] - Statement - testCaseContextB = testCaseContext.getTestCaseId(): null

2018-09-13 16:51:57 - [TEST_STEP][PASSED] - Statement - log.logWarning("--- End Test:= " + testCaseContextB + " ---"): --- End Test:= Test Cases/Merchandising_My Account/_Roles/Verify- Bulk Action De-Activate ---

2018-09-13 16:51:57 - [MESSAGE][WARNING] - --- End Test:= Test Cases/Merchandising_My Account/_Roles/Verify- Bulk Action De-Activate ---]]></system-out>
         <system-err><![CDATA[]]></system-err>
      </testcase>
      <testcase name="Test Cases/Merchandising_My Account/_Roles/Verify- Bulk Action Activate" classname="Test Cases/Merchandising_My Account/_Roles/Verify- Bulk Action Activate" status="PASSED">
         <system-out><![CDATA[2018-09-13 16:51:57 - [TEST_CASE][PASSED] - Test Cases/Merchandising_My Account/_Roles/Verify- Bulk Action Activate: Test Cases/Merchandising_My Account/_Roles/Verify- Bulk Action Activate

2018-09-13 16:51:57 - [TEST_STEP][PASSED] - Start listener action : sampleBeforeTestCase: --- Begin Test:= Test Cases/Merchandising_My Account/_Roles/Verify- Bulk Action Activate ---

2018-09-13 16:51:57 - [TEST_STEP][PASSED] - Statement - log.logWarning("--- Begin Test:= " + testCaseContext.getTestCaseId() + " ---"): --- Begin Test:= Test Cases/Merchandising_My Account/_Roles/Verify- Bulk Action Activate ---

2018-09-13 16:51:57 - [MESSAGE][WARNING] - --- Begin Test:= Test Cases/Merchandising_My Account/_Roles/Verify- Bulk Action Activate ---

2018-09-13 16:51:57 - [TEST_STEP][PASSED] - Statement - log = new com.kms.katalon.core.logging.KeywordLogger(): null

2018-09-13 16:51:57 - [TEST_STEP][PASSED] - delay: Delayed 2 second(s)

2018-09-13 16:51:59 - [MESSAGE][PASSED] - Delayed 2 second(s)

2018-09-13 16:51:59 - [TEST_STEP][PASSED] - click: Object: 'Object Repository/Merchandising/_My Account/label- tabs -(All_Active_Inactive)' is clicked on

2018-09-13 16:51:59 - [MESSAGE][PASSED] - Object: 'Object Repository/Merchandising/_My Account/label- tabs -(All_Active_Inactive)' is clicked on

2018-09-13 16:51:59 - [TEST_STEP][PASSED] - delay: Delayed 2 second(s)

2018-09-13 16:52:01 - [MESSAGE][PASSED] - Delayed 2 second(s)

2018-09-13 16:52:01 - [TEST_STEP][PASSED] - Statement - driver = com.kms.katalon.core.webui.driver.DriverFactory.getWebDriver(): null

2018-09-13 16:52:01 - [TEST_STEP][PASSED] - Statement - Table = driver.findElement(org.openqa.selenium.By.xpath("//*/div[@class="col-sm-12"]//table")): null

2018-09-13 16:52:01 - [TEST_STEP][PASSED] - Statement - rows = Table.findElements(org.openqa.selenium.By.xpath("//*/div[@class="col-sm-12"]//table/tbody/tr/td[4]/button[3]")): null

2018-09-13 16:52:01 - [TEST_STEP][PASSED] - Statement - TotalRows = rows.size(): null

2018-09-13 16:52:01 - [TEST_STEP][PASSED] - Statement - If (TotalRows >= 2): Object: 'Object Repository/Merchandising/_My Account/btn- Search' is clicked on

2018-09-13 16:52:01 - [TEST_STEP][PASSED] - Statement - roleName_InActive = com.kms.katalon.core.webui.keyword.WebUiBuiltInKeywords.getText(com.kms.katalon.core.testobject.ObjectRepository.findTestObject(Merchandising/_My Account/table- Verify Data, [row:2, col:2])): Text of object 'Object Repository/Merchandising/_My Account/table- Verify Data' is: 'posUser'

2018-09-13 16:52:01 - [MESSAGE][PASSED] - Text of object 'Object Repository/Merchandising/_My Account/table- Verify Data' is: 'posUser'

2018-09-13 16:52:01 - [TEST_STEP][PASSED] - Statement - log.logWarning("The Role Name selected before Bulk Activation = " + roleName_InActive): The Role Name selected before Bulk Activation = posUser

2018-09-13 16:52:01 - [MESSAGE][WARNING] - The Role Name selected before Bulk Activation = posUser

2018-09-13 16:52:01 - [TEST_STEP][PASSED] - click: Object: 'Object Repository/Merchandising/_My Account/table- Check All' is clicked on

2018-09-13 16:52:02 - [MESSAGE][PASSED] - Object: 'Object Repository/Merchandising/_My Account/table- Check All' is clicked on

2018-09-13 16:52:02 - [TEST_STEP][PASSED] - delay: Delayed 1 second(s)

2018-09-13 16:52:03 - [MESSAGE][PASSED] - Delayed 1 second(s)

2018-09-13 16:52:03 - [TEST_STEP][PASSED] - click: Object: 'Object Repository/Merchandising/_My Account/dropdown- Bulk Action' is clicked on

2018-09-13 16:52:03 - [MESSAGE][PASSED] - Object: 'Object Repository/Merchandising/_My Account/dropdown- Bulk Action' is clicked on

2018-09-13 16:52:03 - [TEST_STEP][PASSED] - click: Object: 'Object Repository/Merchandising/_My Account/dropdown- Select- Bulk Action' is clicked on

2018-09-13 16:52:03 - [MESSAGE][PASSED] - Object: 'Object Repository/Merchandising/_My Account/dropdown- Select- Bulk Action' is clicked on

2018-09-13 16:52:03 - [TEST_STEP][PASSED] - click: Object: 'Object Repository/Merchandising/_My Account/btn- Apply' is clicked on

2018-09-13 16:52:03 - [MESSAGE][PASSED] - Object: 'Object Repository/Merchandising/_My Account/btn- Apply' is clicked on

2018-09-13 16:52:03 - [TEST_STEP][PASSED] - delay: Delayed 2 second(s)

2018-09-13 16:52:05 - [MESSAGE][PASSED] - Delayed 2 second(s)

2018-09-13 16:52:05 - [TEST_STEP][PASSED] - Statement - If (com.kms.katalon.core.webui.keyword.WebUiBuiltInKeywords.verifyElementPresent(com.kms.katalon.core.testobject.ObjectRepository.findTestObject(Merchandising/_My Account/element- PopUp), 5, OPTIONAL)): PopUp Successfully Displayed For Attempted Activation

2018-09-13 16:52:05 - [MESSAGE][PASSED] - Object 'Object Repository/Merchandising/_My Account/element- PopUp' is present

2018-09-13 16:52:05 - [TEST_STEP][PASSED] - click: Object: 'Object Repository/Merchandising/_My Account/element- PopUp- btn Select' is clicked on

2018-09-13 16:52:05 - [MESSAGE][PASSED] - Object: 'Object Repository/Merchandising/_My Account/element- PopUp- btn Select' is clicked on

2018-09-13 16:52:05 - [TEST_STEP][PASSED] - Statement - log.logWarning("PopUp Successfully Displayed For Attempted Activation"): PopUp Successfully Displayed For Attempted Activation

2018-09-13 16:52:05 - [MESSAGE][WARNING] - PopUp Successfully Displayed For Attempted Activation

2018-09-13 16:52:05 - [TEST_STEP][PASSED] - Statement - Messsage_PopUp = com.kms.katalon.core.webui.keyword.WebUiBuiltInKeywords.getText(com.kms.katalon.core.testobject.ObjectRepository.findTestObject(Merchandising/_My Account/PopUp- Acti_DeActi(vation) Message)): Text of object 'Object Repository/Merchandising/_My Account/PopUp- Acti_DeActi(vation) Message' is: 'Success
Activated 11 items successfully.'

2018-09-13 16:52:05 - [MESSAGE][PASSED] - Text of object 'Object Repository/Merchandising/_My Account/PopUp- Acti_DeActi(vation) Message' is: 'Success
Activated 11 items successfully.'

2018-09-13 16:52:05 - [TEST_STEP][PASSED] - Statement - If (Messsage_PopUp.contains("Success")): Successfully Performed Bulk Activation Action

2018-09-13 16:52:05 - [TEST_STEP][PASSED] - Statement - log.logWarning("Message on Activation = | " + Messsage_PopUp): Message on Activation = | Success
Activated 11 items successfully.

2018-09-13 16:52:05 - [MESSAGE][WARNING] - Message on Activation = | Success
Activated 11 items successfully.

2018-09-13 16:52:05 - [TEST_STEP][PASSED] - Statement - log.logWarning("Successfully Performed Bulk Activation Action"): Successfully Performed Bulk Activation Action

2018-09-13 16:52:05 - [MESSAGE][WARNING] - Successfully Performed Bulk Activation Action

2018-09-13 16:52:05 - [TEST_STEP][PASSED] - setText: Text 'posUser' is set on object 'Object Repository/Merchandising/_My Account/input- Search'

2018-09-13 16:52:06 - [MESSAGE][PASSED] - Text 'posUser' is set on object 'Object Repository/Merchandising/_My Account/input- Search'

2018-09-13 16:52:06 - [TEST_STEP][PASSED] - click: Object: 'Object Repository/Merchandising/_My Account/btn- Search' is clicked on

2018-09-13 16:52:06 - [MESSAGE][PASSED] - Object: 'Object Repository/Merchandising/_My Account/btn- Search' is clicked on

2018-09-13 16:52:06 - [TEST_STEP][PASSED] - delay: Delayed 2 second(s)

2018-09-13 16:52:08 - [MESSAGE][PASSED] - Delayed 2 second(s)

2018-09-13 16:52:08 - [TEST_STEP][PASSED] - Statement - If (com.kms.katalon.core.webui.keyword.WebUiBuiltInKeywords.verifyElementNotPresent(com.kms.katalon.core.testobject.ObjectRepository.findTestObject(Merchandising/_My Account/table- Verify Data, [row:1, col:2]), 5, OPTIONAL)): Successfully Verified Previously Seected Role No Longer InActive

2018-09-13 16:52:08 - [MESSAGE][PASSED] - Web element with id: 'Object Repository/Merchandising/_My Account/table- Verify Data' located by 'By.xpath: //*/div[@class="col-sm-12"]//table/tbody/tr[1]/td[2]' is not present after '5' second(s)

2018-09-13 16:52:08 - [TEST_STEP][PASSED] - Statement - log.logWarning("Successfully Verified Previously Seected Role No Longer InActive"): Successfully Verified Previously Seected Role No Longer InActive

2018-09-13 16:52:08 - [MESSAGE][WARNING] - Successfully Verified Previously Seected Role No Longer InActive

2018-09-13 16:52:08 - [TEST_STEP][PASSED] - clearText: Text of object 'Object Repository/Merchandising/_My Account/input- Search' is cleared

2018-09-13 16:52:08 - [MESSAGE][PASSED] - Text of object 'Object Repository/Merchandising/_My Account/input- Search' is cleared

2018-09-13 16:52:08 - [TEST_STEP][PASSED] - click: Object: 'Object Repository/Merchandising/_My Account/btn- Search' is clicked on

2018-09-13 16:52:08 - [MESSAGE][PASSED] - Object: 'Object Repository/Merchandising/_My Account/btn- Search' is clicked on

2018-09-13 16:52:08 - [TEST_STEP][PASSED] - Start listener action : sampleAfterTestCase: --- End Test:= Test Cases/Merchandising_My Account/_Roles/Verify- Bulk Action Activate ---

2018-09-13 16:52:08 - [TEST_STEP][PASSED] - Statement - testCaseContextB = testCaseContext.getTestCaseId(): null

2018-09-13 16:52:08 - [TEST_STEP][PASSED] - Statement - log.logWarning("--- End Test:= " + testCaseContextB + " ---"): --- End Test:= Test Cases/Merchandising_My Account/_Roles/Verify- Bulk Action Activate ---

2018-09-13 16:52:08 - [MESSAGE][WARNING] - --- End Test:= Test Cases/Merchandising_My Account/_Roles/Verify- Bulk Action Activate ---]]></system-out>
         <system-err><![CDATA[]]></system-err>
      </testcase>
      <testcase name="Test Cases/Merchandising_My Account/_Roles/Verify- Roles Active" classname="Test Cases/Merchandising_My Account/_Roles/Verify- Roles Active" status="ERROR">
         <error type="ERROR" message="Test Cases/Merchandising_My Account/_Roles/Verify- Roles Active FAILED because (of) Page contains erroneous DATA"/>
         <system-out><![CDATA[2018-09-13 16:52:08 - [TEST_CASE][ERROR] - Test Cases/Merchandising_My Account/_Roles/Verify- Roles Active: Test Cases/Merchandising_My Account/_Roles/Verify- Roles Active FAILED because (of) Page contains erroneous DATA

2018-09-13 16:52:08 - [TEST_STEP][PASSED] - Start listener action : sampleBeforeTestCase: --- Begin Test:= Test Cases/Merchandising_My Account/_Roles/Verify- Roles Active ---

2018-09-13 16:52:08 - [TEST_STEP][PASSED] - Statement - log.logWarning("--- Begin Test:= " + testCaseContext.getTestCaseId() + " ---"): --- Begin Test:= Test Cases/Merchandising_My Account/_Roles/Verify- Roles Active ---

2018-09-13 16:52:08 - [MESSAGE][WARNING] - --- Begin Test:= Test Cases/Merchandising_My Account/_Roles/Verify- Roles Active ---

2018-09-13 16:52:08 - [TEST_STEP][PASSED] - Statement - log = new com.kms.katalon.core.logging.KeywordLogger(): null

2018-09-13 16:52:08 - [TEST_STEP][PASSED] - delay: Delayed 1 second(s)

2018-09-13 16:52:09 - [MESSAGE][PASSED] - Delayed 1 second(s)

2018-09-13 16:52:09 - [TEST_STEP][PASSED] - click: Object: 'Object Repository/Merchandising/_My Account/label- tabs -(All_Active_Inactive)' is clicked on

2018-09-13 16:52:09 - [MESSAGE][PASSED] - Object: 'Object Repository/Merchandising/_My Account/label- tabs -(All_Active_Inactive)' is clicked on

2018-09-13 16:52:09 - [TEST_STEP][PASSED] - delay: Delayed 2 second(s)

2018-09-13 16:52:11 - [MESSAGE][PASSED] - Delayed 2 second(s)

2018-09-13 16:52:11 - [TEST_STEP][PASSED] - Statement - driver = com.kms.katalon.core.webui.driver.DriverFactory.getWebDriver(): null

2018-09-13 16:52:11 - [TEST_STEP][PASSED] - Statement - Table = driver.findElement(org.openqa.selenium.By.xpath("//*/div[@class="col-sm-12"]//table")): null

2018-09-13 16:52:11 - [TEST_STEP][PASSED] - Statement - rows = Table.findElements(org.openqa.selenium.By.xpath("//*/div[@class="col-sm-12"]//table/tbody/tr/td[4]/button[3]")): null

2018-09-13 16:52:11 - [TEST_STEP][PASSED] - Statement - TotalRows = rows.size(): null

2018-09-13 16:52:11 - [TEST_STEP][ERROR] - Statement - If (TotalRows >= 1): null

2018-09-13 16:52:11 - [TEST_STEP][ERROR] - Statement - For ([i = 0, i < rows.size(), (i++)]): null

2018-09-13 16:52:11 - [TEST_STEP][PASSED] - Statement - columntext = rows.get(i).getText().toString(): null

2018-09-13 16:52:11 - [TEST_STEP][PASSED] - Statement - expectedText = "Deactivate": null

2018-09-13 16:52:11 - [TEST_STEP][ERROR] - Statement - If (columntext != expectedText): null

2018-09-13 16:52:11 - [TEST_STEP][ERROR] - Statement - log.logError("text on column " + i + " = " + columntext + " | Expected Text->" + expectedText): text on column 0 = Activate | Expected Text->Deactivate

2018-09-13 16:52:11 - [MESSAGE][ERROR] - text on column 0 = Activate | Expected Text->Deactivate

2018-09-13 16:52:11 - [TEST_STEP][PASSED] - Statement - com.kms.katalon.core.util.KeywordUtil.markError("Page contains erroneous DATA"): null

2018-09-13 16:52:11 - [TEST_STEP][PASSED] - Statement - columntext = rows.get(i).getText().toString(): null

2018-09-13 16:52:11 - [TEST_STEP][PASSED] - Statement - expectedText = "Deactivate": null

2018-09-13 16:52:11 - [TEST_STEP][ERROR] - Statement - If (columntext != expectedText): null

2018-09-13 16:52:11 - [TEST_STEP][ERROR] - Statement - log.logError("text on column " + i + " = " + columntext + " | Expected Text->" + expectedText): text on column 1 = Activate | Expected Text->Deactivate

2018-09-13 16:52:11 - [MESSAGE][ERROR] - text on column 1 = Activate | Expected Text->Deactivate

2018-09-13 16:52:11 - [TEST_STEP][PASSED] - Statement - com.kms.katalon.core.util.KeywordUtil.markError("Page contains erroneous DATA"): null

2018-09-13 16:52:11 - [TEST_STEP][PASSED] - Statement - columntext = rows.get(i).getText().toString(): null

2018-09-13 16:52:11 - [TEST_STEP][PASSED] - Statement - expectedText = "Deactivate": null

2018-09-13 16:52:11 - [TEST_STEP][ERROR] - Statement - If (columntext != expectedText): null

2018-09-13 16:52:11 - [TEST_STEP][ERROR] - Statement - log.logError("text on column " + i + " = " + columntext + " | Expected Text->" + expectedText): text on column 2 = Activate | Expected Text->Deactivate

2018-09-13 16:52:11 - [MESSAGE][ERROR] - text on column 2 = Activate | Expected Text->Deactivate

2018-09-13 16:52:11 - [TEST_STEP][PASSED] - Statement - com.kms.katalon.core.util.KeywordUtil.markError("Page contains erroneous DATA"): null

2018-09-13 16:52:11 - [TEST_STEP][PASSED] - Statement - columntext = rows.get(i).getText().toString(): null

2018-09-13 16:52:11 - [TEST_STEP][PASSED] - Statement - expectedText = "Deactivate": null

2018-09-13 16:52:11 - [TEST_STEP][ERROR] - Statement - If (columntext != expectedText): null

2018-09-13 16:52:11 - [TEST_STEP][ERROR] - Statement - log.logError("text on column " + i + " = " + columntext + " | Expected Text->" + expectedText): text on column 3 = Activate | Expected Text->Deactivate

2018-09-13 16:52:11 - [MESSAGE][ERROR] - text on column 3 = Activate | Expected Text->Deactivate

2018-09-13 16:52:11 - [TEST_STEP][PASSED] - Statement - com.kms.katalon.core.util.KeywordUtil.markError("Page contains erroneous DATA"): null

2018-09-13 16:52:11 - [TEST_STEP][PASSED] - Statement - columntext = rows.get(i).getText().toString(): null

2018-09-13 16:52:11 - [TEST_STEP][PASSED] - Statement - expectedText = "Deactivate": null

2018-09-13 16:52:11 - [TEST_STEP][ERROR] - Statement - If (columntext != expectedText): null

2018-09-13 16:52:11 - [TEST_STEP][ERROR] - Statement - log.logError("text on column " + i + " = " + columntext + " | Expected Text->" + expectedText): text on column 4 = Activate | Expected Text->Deactivate

2018-09-13 16:52:11 - [MESSAGE][ERROR] - text on column 4 = Activate | Expected Text->Deactivate

2018-09-13 16:52:11 - [TEST_STEP][PASSED] - Statement - com.kms.katalon.core.util.KeywordUtil.markError("Page contains erroneous DATA"): null

2018-09-13 16:52:11 - [TEST_STEP][PASSED] - Statement - columntext = rows.get(i).getText().toString(): null

2018-09-13 16:52:11 - [TEST_STEP][PASSED] - Statement - expectedText = "Deactivate": null

2018-09-13 16:52:11 - [TEST_STEP][ERROR] - Statement - If (columntext != expectedText): null

2018-09-13 16:52:11 - [TEST_STEP][ERROR] - Statement - log.logError("text on column " + i + " = " + columntext + " | Expected Text->" + expectedText): text on column 5 = Activate | Expected Text->Deactivate

2018-09-13 16:52:11 - [MESSAGE][ERROR] - text on column 5 = Activate | Expected Text->Deactivate

2018-09-13 16:52:11 - [TEST_STEP][PASSED] - Statement - com.kms.katalon.core.util.KeywordUtil.markError("Page contains erroneous DATA"): null

2018-09-13 16:52:11 - [TEST_STEP][PASSED] - Statement - columntext = rows.get(i).getText().toString(): null

2018-09-13 16:52:11 - [TEST_STEP][PASSED] - Statement - expectedText = "Deactivate": null

2018-09-13 16:52:11 - [TEST_STEP][ERROR] - Statement - If (columntext != expectedText): null

2018-09-13 16:52:11 - [TEST_STEP][ERROR] - Statement - log.logError("text on column " + i + " = " + columntext + " | Expected Text->" + expectedText): text on column 6 = Activate | Expected Text->Deactivate

2018-09-13 16:52:11 - [MESSAGE][ERROR] - text on column 6 = Activate | Expected Text->Deactivate

2018-09-13 16:52:11 - [TEST_STEP][PASSED] - Statement - com.kms.katalon.core.util.KeywordUtil.markError("Page contains erroneous DATA"): null

2018-09-13 16:52:11 - [TEST_STEP][PASSED] - Statement - columntext = rows.get(i).getText().toString(): null

2018-09-13 16:52:11 - [TEST_STEP][PASSED] - Statement - expectedText = "Deactivate": null

2018-09-13 16:52:11 - [TEST_STEP][ERROR] - Statement - If (columntext != expectedText): null

2018-09-13 16:52:11 - [TEST_STEP][ERROR] - Statement - log.logError("text on column " + i + " = " + columntext + " | Expected Text->" + expectedText): text on column 7 = Activate | Expected Text->Deactivate

2018-09-13 16:52:11 - [MESSAGE][ERROR] - text on column 7 = Activate | Expected Text->Deactivate

2018-09-13 16:52:11 - [TEST_STEP][PASSED] - Statement - com.kms.katalon.core.util.KeywordUtil.markError("Page contains erroneous DATA"): null

2018-09-13 16:52:11 - [TEST_STEP][PASSED] - Statement - columntext = rows.get(i).getText().toString(): null

2018-09-13 16:52:11 - [TEST_STEP][PASSED] - Statement - expectedText = "Deactivate": null

2018-09-13 16:52:11 - [TEST_STEP][ERROR] - Statement - If (columntext != expectedText): null

2018-09-13 16:52:11 - [TEST_STEP][ERROR] - Statement - log.logError("text on column " + i + " = " + columntext + " | Expected Text->" + expectedText): text on column 8 = Activate | Expected Text->Deactivate

2018-09-13 16:52:11 - [MESSAGE][ERROR] - text on column 8 = Activate | Expected Text->Deactivate

2018-09-13 16:52:11 - [TEST_STEP][PASSED] - Statement - com.kms.katalon.core.util.KeywordUtil.markError("Page contains erroneous DATA"): null

2018-09-13 16:52:11 - [TEST_STEP][PASSED] - Statement - columntext = rows.get(i).getText().toString(): null

2018-09-13 16:52:11 - [TEST_STEP][PASSED] - Statement - expectedText = "Deactivate": null

2018-09-13 16:52:11 - [TEST_STEP][ERROR] - Statement - If (columntext != expectedText): null

2018-09-13 16:52:11 - [TEST_STEP][ERROR] - Statement - log.logError("text on column " + i + " = " + columntext + " | Expected Text->" + expectedText): text on column 9 = Activate | Expected Text->Deactivate

2018-09-13 16:52:11 - [MESSAGE][ERROR] - text on column 9 = Activate | Expected Text->Deactivate

2018-09-13 16:52:11 - [TEST_STEP][PASSED] - Statement - com.kms.katalon.core.util.KeywordUtil.markError("Page contains erroneous DATA"): null

2018-09-13 16:52:11 - [TEST_STEP][PASSED] - Statement - columntext = rows.get(i).getText().toString(): null

2018-09-13 16:52:11 - [TEST_STEP][PASSED] - Statement - expectedText = "Deactivate": null

2018-09-13 16:52:11 - [TEST_STEP][ERROR] - Statement - If (columntext != expectedText): null

2018-09-13 16:52:11 - [TEST_STEP][ERROR] - Statement - log.logError("text on column " + i + " = " + columntext + " | Expected Text->" + expectedText): text on column 10 = Activate | Expected Text->Deactivate

2018-09-13 16:52:11 - [MESSAGE][ERROR] - text on column 10 = Activate | Expected Text->Deactivate

2018-09-13 16:52:11 - [TEST_STEP][PASSED] - Statement - com.kms.katalon.core.util.KeywordUtil.markError("Page contains erroneous DATA"): null

2018-09-13 16:52:11 - [TEST_STEP][PASSED] - Start listener action : sampleAfterTestCase: --- End Test:= Test Cases/Merchandising_My Account/_Roles/Verify- Roles Active ---

2018-09-13 16:52:11 - [TEST_STEP][PASSED] - Statement - testCaseContextB = testCaseContext.getTestCaseId(): null

2018-09-13 16:52:11 - [TEST_STEP][PASSED] - Statement - log.logWarning("--- End Test:= " + testCaseContextB + " ---"): --- End Test:= Test Cases/Merchandising_My Account/_Roles/Verify- Roles Active ---

2018-09-13 16:52:11 - [MESSAGE][WARNING] - --- End Test:= Test Cases/Merchandising_My Account/_Roles/Verify- Roles Active ---]]></system-out>
         <system-err><![CDATA[2018-09-13 16:52:08 - [TEST_CASE][ERROR] - Test Cases/Merchandising_My Account/_Roles/Verify- Roles Active: Test Cases/Merchandising_My Account/_Roles/Verify- Roles Active FAILED because (of) Page contains erroneous DATA]]></system-err>
      </testcase>
      <testcase name="Test Cases/Merchandising_My Account/_Roles/Verify- Roles Inactive" classname="Test Cases/Merchandising_My Account/_Roles/Verify- Roles Inactive" status="PASSED">
         <system-out><![CDATA[2018-09-13 16:52:11 - [TEST_CASE][PASSED] - Test Cases/Merchandising_My Account/_Roles/Verify- Roles Inactive: Test Cases/Merchandising_My Account/_Roles/Verify- Roles Inactive

2018-09-13 16:52:11 - [TEST_STEP][PASSED] - Start listener action : sampleBeforeTestCase: --- Begin Test:= Test Cases/Merchandising_My Account/_Roles/Verify- Roles Inactive ---

2018-09-13 16:52:11 - [TEST_STEP][PASSED] - Statement - log.logWarning("--- Begin Test:= " + testCaseContext.getTestCaseId() + " ---"): --- Begin Test:= Test Cases/Merchandising_My Account/_Roles/Verify- Roles Inactive ---

2018-09-13 16:52:11 - [MESSAGE][WARNING] - --- Begin Test:= Test Cases/Merchandising_My Account/_Roles/Verify- Roles Inactive ---

2018-09-13 16:52:11 - [TEST_STEP][PASSED] - Statement - log = new com.kms.katalon.core.logging.KeywordLogger(): null

2018-09-13 16:52:11 - [TEST_STEP][PASSED] - delay: Delayed 1 second(s)

2018-09-13 16:52:12 - [MESSAGE][PASSED] - Delayed 1 second(s)

2018-09-13 16:52:12 - [TEST_STEP][PASSED] - click: Object: 'Object Repository/Merchandising/_My Account/label- tabs -(All_Active_Inactive)' is clicked on

2018-09-13 16:52:13 - [MESSAGE][PASSED] - Object: 'Object Repository/Merchandising/_My Account/label- tabs -(All_Active_Inactive)' is clicked on

2018-09-13 16:52:13 - [TEST_STEP][PASSED] - delay: Delayed 2 second(s)

2018-09-13 16:52:15 - [MESSAGE][PASSED] - Delayed 2 second(s)

2018-09-13 16:52:15 - [TEST_STEP][PASSED] - Statement - driver = com.kms.katalon.core.webui.driver.DriverFactory.getWebDriver(): null

2018-09-13 16:52:15 - [TEST_STEP][PASSED] - Statement - Table = driver.findElement(org.openqa.selenium.By.xpath("//*/div[@class="col-sm-12"]//table")): null

2018-09-13 16:52:15 - [TEST_STEP][PASSED] - Statement - rows = Table.findElements(org.openqa.selenium.By.xpath("//*/div[@class="col-sm-12"]//table/tbody/tr/td[4]/button[3]")): null

2018-09-13 16:52:15 - [TEST_STEP][PASSED] - Statement - TotalRows = rows.size(): null

2018-09-13 16:52:15 - [TEST_STEP][PASSED] - Statement - If (TotalRows >= 1): PASSED : text on column 8 = ActivateMatches Expected text->Activate

2018-09-13 16:52:15 - [TEST_STEP][PASSED] - Statement - For ([i = 0, i < rows.size(), (i++)]): PASSED : text on column 8 = ActivateMatches Expected text->Activate

2018-09-13 16:52:15 - [TEST_STEP][PASSED] - Statement - columntext = rows.get(i).getText().toString(): null

2018-09-13 16:52:15 - [TEST_STEP][PASSED] - Statement - expectedText = "Activate": null

2018-09-13 16:52:15 - [TEST_STEP][PASSED] - Statement - If (columntext != expectedText): null

2018-09-13 16:52:15 - [TEST_STEP][PASSED] - Statement - Else: PASSED : text on column 0 = ActivateMatches Expected text->Activate

2018-09-13 16:52:15 - [TEST_STEP][PASSED] - Statement - log.logWarning("PASSED : text on column " + i + " = " + columntext + "Matches Expected text->" + expectedText): PASSED : text on column 0 = ActivateMatches Expected text->Activate

2018-09-13 16:52:15 - [MESSAGE][WARNING] - PASSED : text on column 0 = ActivateMatches Expected text->Activate

2018-09-13 16:52:15 - [TEST_STEP][PASSED] - Statement - columntext = rows.get(i).getText().toString(): null

2018-09-13 16:52:15 - [TEST_STEP][PASSED] - Statement - expectedText = "Activate": null

2018-09-13 16:52:15 - [TEST_STEP][PASSED] - Statement - If (columntext != expectedText): null

2018-09-13 16:52:15 - [TEST_STEP][PASSED] - Statement - Else: PASSED : text on column 1 = ActivateMatches Expected text->Activate

2018-09-13 16:52:15 - [TEST_STEP][PASSED] - Statement - log.logWarning("PASSED : text on column " + i + " = " + columntext + "Matches Expected text->" + expectedText): PASSED : text on column 1 = ActivateMatches Expected text->Activate

2018-09-13 16:52:15 - [MESSAGE][WARNING] - PASSED : text on column 1 = ActivateMatches Expected text->Activate

2018-09-13 16:52:15 - [TEST_STEP][PASSED] - Statement - columntext = rows.get(i).getText().toString(): null

2018-09-13 16:52:15 - [TEST_STEP][PASSED] - Statement - expectedText = "Activate": null

2018-09-13 16:52:15 - [TEST_STEP][PASSED] - Statement - If (columntext != expectedText): null

2018-09-13 16:52:15 - [TEST_STEP][PASSED] - Statement - Else: PASSED : text on column 2 = ActivateMatches Expected text->Activate

2018-09-13 16:52:15 - [TEST_STEP][PASSED] - Statement - log.logWarning("PASSED : text on column " + i + " = " + columntext + "Matches Expected text->" + expectedText): PASSED : text on column 2 = ActivateMatches Expected text->Activate

2018-09-13 16:52:15 - [MESSAGE][WARNING] - PASSED : text on column 2 = ActivateMatches Expected text->Activate

2018-09-13 16:52:15 - [TEST_STEP][PASSED] - Statement - columntext = rows.get(i).getText().toString(): null

2018-09-13 16:52:15 - [TEST_STEP][PASSED] - Statement - expectedText = "Activate": null

2018-09-13 16:52:15 - [TEST_STEP][PASSED] - Statement - If (columntext != expectedText): null

2018-09-13 16:52:15 - [TEST_STEP][PASSED] - Statement - Else: PASSED : text on column 3 = ActivateMatches Expected text->Activate

2018-09-13 16:52:15 - [TEST_STEP][PASSED] - Statement - log.logWarning("PASSED : text on column " + i + " = " + columntext + "Matches Expected text->" + expectedText): PASSED : text on column 3 = ActivateMatches Expected text->Activate

2018-09-13 16:52:15 - [MESSAGE][WARNING] - PASSED : text on column 3 = ActivateMatches Expected text->Activate

2018-09-13 16:52:15 - [TEST_STEP][PASSED] - Statement - columntext = rows.get(i).getText().toString(): null

2018-09-13 16:52:15 - [TEST_STEP][PASSED] - Statement - expectedText = "Activate": null

2018-09-13 16:52:15 - [TEST_STEP][PASSED] - Statement - If (columntext != expectedText): null

2018-09-13 16:52:15 - [TEST_STEP][PASSED] - Statement - Else: PASSED : text on column 4 = ActivateMatches Expected text->Activate

2018-09-13 16:52:15 - [TEST_STEP][PASSED] - Statement - log.logWarning("PASSED : text on column " + i + " = " + columntext + "Matches Expected text->" + expectedText): PASSED : text on column 4 = ActivateMatches Expected text->Activate

2018-09-13 16:52:15 - [MESSAGE][WARNING] - PASSED : text on column 4 = ActivateMatches Expected text->Activate

2018-09-13 16:52:15 - [TEST_STEP][PASSED] - Statement - columntext = rows.get(i).getText().toString(): null

2018-09-13 16:52:15 - [TEST_STEP][PASSED] - Statement - expectedText = "Activate": null

2018-09-13 16:52:15 - [TEST_STEP][PASSED] - Statement - If (columntext != expectedText): null

2018-09-13 16:52:15 - [TEST_STEP][PASSED] - Statement - Else: PASSED : text on column 5 = ActivateMatches Expected text->Activate

2018-09-13 16:52:15 - [TEST_STEP][PASSED] - Statement - log.logWarning("PASSED : text on column " + i + " = " + columntext + "Matches Expected text->" + expectedText): PASSED : text on column 5 = ActivateMatches Expected text->Activate

2018-09-13 16:52:15 - [MESSAGE][WARNING] - PASSED : text on column 5 = ActivateMatches Expected text->Activate

2018-09-13 16:52:15 - [TEST_STEP][PASSED] - Statement - columntext = rows.get(i).getText().toString(): null

2018-09-13 16:52:15 - [TEST_STEP][PASSED] - Statement - expectedText = "Activate": null

2018-09-13 16:52:15 - [TEST_STEP][PASSED] - Statement - If (columntext != expectedText): null

2018-09-13 16:52:15 - [TEST_STEP][PASSED] - Statement - Else: PASSED : text on column 6 = ActivateMatches Expected text->Activate

2018-09-13 16:52:15 - [TEST_STEP][PASSED] - Statement - log.logWarning("PASSED : text on column " + i + " = " + columntext + "Matches Expected text->" + expectedText): PASSED : text on column 6 = ActivateMatches Expected text->Activate

2018-09-13 16:52:15 - [MESSAGE][WARNING] - PASSED : text on column 6 = ActivateMatches Expected text->Activate

2018-09-13 16:52:15 - [TEST_STEP][PASSED] - Statement - columntext = rows.get(i).getText().toString(): null

2018-09-13 16:52:15 - [TEST_STEP][PASSED] - Statement - expectedText = "Activate": null

2018-09-13 16:52:15 - [TEST_STEP][PASSED] - Statement - If (columntext != expectedText): null

2018-09-13 16:52:15 - [TEST_STEP][PASSED] - Statement - Else: PASSED : text on column 7 = ActivateMatches Expected text->Activate

2018-09-13 16:52:15 - [TEST_STEP][PASSED] - Statement - log.logWarning("PASSED : text on column " + i + " = " + columntext + "Matches Expected text->" + expectedText): PASSED : text on column 7 = ActivateMatches Expected text->Activate

2018-09-13 16:52:15 - [MESSAGE][WARNING] - PASSED : text on column 7 = ActivateMatches Expected text->Activate

2018-09-13 16:52:15 - [TEST_STEP][PASSED] - Statement - columntext = rows.get(i).getText().toString(): null

2018-09-13 16:52:15 - [TEST_STEP][PASSED] - Statement - expectedText = "Activate": null

2018-09-13 16:52:15 - [TEST_STEP][PASSED] - Statement - If (columntext != expectedText): null

2018-09-13 16:52:15 - [TEST_STEP][PASSED] - Statement - Else: PASSED : text on column 8 = ActivateMatches Expected text->Activate

2018-09-13 16:52:15 - [TEST_STEP][PASSED] - Statement - log.logWarning("PASSED : text on column " + i + " = " + columntext + "Matches Expected text->" + expectedText): PASSED : text on column 8 = ActivateMatches Expected text->Activate

2018-09-13 16:52:15 - [MESSAGE][WARNING] - PASSED : text on column 8 = ActivateMatches Expected text->Activate

2018-09-13 16:52:15 - [TEST_STEP][PASSED] - Start listener action : sampleAfterTestCase: --- End Test:= Test Cases/Merchandising_My Account/_Roles/Verify- Roles Inactive ---

2018-09-13 16:52:15 - [TEST_STEP][PASSED] - Statement - testCaseContextB = testCaseContext.getTestCaseId(): null

2018-09-13 16:52:15 - [TEST_STEP][PASSED] - Statement - log.logWarning("--- End Test:= " + testCaseContextB + " ---"): --- End Test:= Test Cases/Merchandising_My Account/_Roles/Verify- Roles Inactive ---

2018-09-13 16:52:15 - [MESSAGE][WARNING] - --- End Test:= Test Cases/Merchandising_My Account/_Roles/Verify- Roles Inactive ---]]></system-out>
         <system-err><![CDATA[]]></system-err>
      </testcase>
      <testcase name="Test Cases/Merchandising_My Account/_Roles/Verify- Search By Role Name" classname="Test Cases/Merchandising_My Account/_Roles/Verify- Search By Role Name" status="PASSED">
         <system-out><![CDATA[2018-09-13 16:52:15 - [TEST_CASE][PASSED] - Test Cases/Merchandising_My Account/_Roles/Verify- Search By Role Name: Test Cases/Merchandising_My Account/_Roles/Verify- Search By Role Name

2018-09-13 16:52:15 - [TEST_STEP][PASSED] - Start listener action : sampleBeforeTestCase: --- Begin Test:= Test Cases/Merchandising_My Account/_Roles/Verify- Search By Role Name ---

2018-09-13 16:52:15 - [TEST_STEP][PASSED] - Statement - log.logWarning("--- Begin Test:= " + testCaseContext.getTestCaseId() + " ---"): --- Begin Test:= Test Cases/Merchandising_My Account/_Roles/Verify- Search By Role Name ---

2018-09-13 16:52:15 - [MESSAGE][WARNING] - --- Begin Test:= Test Cases/Merchandising_My Account/_Roles/Verify- Search By Role Name ---

2018-09-13 16:52:15 - [TEST_STEP][PASSED] - Statement - log = new com.kms.katalon.core.logging.KeywordLogger(): null

2018-09-13 16:52:15 - [TEST_STEP][PASSED] - delay: Delayed 2 second(s)

2018-09-13 16:52:17 - [MESSAGE][PASSED] - Delayed 2 second(s)

2018-09-13 16:52:17 - [TEST_STEP][PASSED] - Statement - driver = com.kms.katalon.core.webui.driver.DriverFactory.getWebDriver(): null

2018-09-13 16:52:17 - [TEST_STEP][PASSED] - Statement - log.logWarning("-> executing for ALL filter Tab"): -> executing for ALL filter Tab

2018-09-13 16:52:17 - [MESSAGE][WARNING] - -> executing for ALL filter Tab

2018-09-13 16:52:17 - [TEST_STEP][PASSED] - click: Object: 'Object Repository/Merchandising/_My Account/label- tabs -(All_Active_Inactive)' is clicked on

2018-09-13 16:52:17 - [MESSAGE][PASSED] - Object: 'Object Repository/Merchandising/_My Account/label- tabs -(All_Active_Inactive)' is clicked on

2018-09-13 16:52:17 - [TEST_STEP][PASSED] - delay: Delayed 2 second(s)

2018-09-13 16:52:19 - [MESSAGE][PASSED] - Delayed 2 second(s)

2018-09-13 16:52:19 - [TEST_STEP][PASSED] - Statement - Table = driver.findElement(org.openqa.selenium.By.xpath("//*/div[@class="col-sm-12"]//table")): null

2018-09-13 16:52:19 - [TEST_STEP][PASSED] - Statement - rows = Table.findElements(org.openqa.selenium.By.xpath("//*/div[@class="col-sm-12"]//table/tbody/tr")): null

2018-09-13 16:52:19 - [TEST_STEP][PASSED] - Statement - TotalRows = rows.size(): null

2018-09-13 16:52:19 - [TEST_STEP][PASSED] - Statement - If (TotalRows > 1): TEST for Search on ALL Roles Filter Page PASSED

2018-09-13 16:52:19 - [TEST_STEP][PASSED] - Statement - log.logWarning("get roleName frm Table Row 3, Set it as search Input & verify tableResult on Row 1 after search"): get roleName frm Table Row 3, Set it as search Input & verify tableResult on Row 1 after search

2018-09-13 16:52:19 - [MESSAGE][WARNING] - get roleName frm Table Row 3, Set it as search Input & verify tableResult on Row 1 after search

2018-09-13 16:52:19 - [TEST_STEP][PASSED] - Statement - selected_RoleName = com.kms.katalon.core.webui.keyword.WebUiBuiltInKeywords.getText(com.kms.katalon.core.testobject.ObjectRepository.findTestObject(Merchandising/_My Account/table- Verify Data, [row:3, col:2])): Text of object 'Object Repository/Merchandising/_My Account/table- Verify Data' is: 'Managers'

2018-09-13 16:52:19 - [MESSAGE][PASSED] - Text of object 'Object Repository/Merchandising/_My Account/table- Verify Data' is: 'Managers'

2018-09-13 16:52:19 - [TEST_STEP][PASSED] - setText: Text 'Managers' is set on object 'Object Repository/Merchandising/_My Account/input- Search'

2018-09-13 16:52:19 - [MESSAGE][PASSED] - Text 'Managers' is set on object 'Object Repository/Merchandising/_My Account/input- Search'

2018-09-13 16:52:19 - [TEST_STEP][PASSED] - click: Object: 'Object Repository/Merchandising/_My Account/btn- Search' is clicked on

2018-09-13 16:52:19 - [MESSAGE][PASSED] - Object: 'Object Repository/Merchandising/_My Account/btn- Search' is clicked on

2018-09-13 16:52:19 - [TEST_STEP][PASSED] - delay: Delayed 2 second(s)

2018-09-13 16:52:22 - [MESSAGE][PASSED] - Delayed 2 second(s)

2018-09-13 16:52:22 - [TEST_STEP][PASSED] - Statement - tableResult_RoleName = com.kms.katalon.core.webui.keyword.WebUiBuiltInKeywords.getText(com.kms.katalon.core.testobject.ObjectRepository.findTestObject(Merchandising/_My Account/table- Verify Data, [row:1, col:2])): Text of object 'Object Repository/Merchandising/_My Account/table- Verify Data' is: 'Managers'

2018-09-13 16:52:22 - [MESSAGE][PASSED] - Text of object 'Object Repository/Merchandising/_My Account/table- Verify Data' is: 'Managers'

2018-09-13 16:52:22 - [TEST_STEP][PASSED] - Statement - If (selected_RoleName == tableResult_RoleName): TEST for Search on ALL Roles Filter Page PASSED

2018-09-13 16:52:22 - [TEST_STEP][PASSED] - Statement - log.logWarning("RoleName selected from table Row 3 = " + selected_RoleName): RoleName selected from table Row 3 = Managers

2018-09-13 16:52:22 - [MESSAGE][WARNING] - RoleName selected from table Row 3 = Managers

2018-09-13 16:52:22 - [TEST_STEP][PASSED] - Statement - log.logWarning("tableResult RoleName Row 1 after search = " + tableResult_RoleName): tableResult RoleName Row 1 after search = Managers

2018-09-13 16:52:22 - [MESSAGE][WARNING] - tableResult RoleName Row 1 after search = Managers

2018-09-13 16:52:22 - [TEST_STEP][PASSED] - Statement - log.logWarning("TEST for Search on ALL Roles Filter Page PASSED"): TEST for Search on ALL Roles Filter Page PASSED

2018-09-13 16:52:22 - [MESSAGE][WARNING] - TEST for Search on ALL Roles Filter Page PASSED

2018-09-13 16:52:22 - [TEST_STEP][PASSED] - clearText: Text of object 'Object Repository/Merchandising/_My Account/input- Search' is cleared

2018-09-13 16:52:22 - [MESSAGE][PASSED] - Text of object 'Object Repository/Merchandising/_My Account/input- Search' is cleared

2018-09-13 16:52:22 - [TEST_STEP][PASSED] - click: Object: 'Object Repository/Merchandising/_My Account/btn- Search' is clicked on

2018-09-13 16:52:22 - [MESSAGE][PASSED] - Object: 'Object Repository/Merchandising/_My Account/btn- Search' is clicked on

2018-09-13 16:52:22 - [TEST_STEP][PASSED] - delay: Delayed 2 second(s)

2018-09-13 16:52:24 - [MESSAGE][PASSED] - Delayed 2 second(s)

2018-09-13 16:52:24 - [TEST_STEP][PASSED] - Statement - log.logWarning("-> Executing for ACTIVE filter Tab"): -> Executing for ACTIVE filter Tab

2018-09-13 16:52:24 - [MESSAGE][WARNING] - -> Executing for ACTIVE filter Tab

2018-09-13 16:52:24 - [TEST_STEP][PASSED] - click: Object: 'Object Repository/Merchandising/_My Account/label- tabs -(All_Active_Inactive)' is clicked on

2018-09-13 16:52:24 - [MESSAGE][PASSED] - Object: 'Object Repository/Merchandising/_My Account/label- tabs -(All_Active_Inactive)' is clicked on

2018-09-13 16:52:24 - [TEST_STEP][PASSED] - delay: Delayed 2 second(s)

2018-09-13 16:52:26 - [MESSAGE][PASSED] - Delayed 2 second(s)

2018-09-13 16:52:26 - [TEST_STEP][PASSED] - Statement - Table2 = driver.findElement(org.openqa.selenium.By.xpath("//*/div[@class="col-sm-12"]//table")): null

2018-09-13 16:52:26 - [TEST_STEP][PASSED] - Statement - rows2 = Table2.findElements(org.openqa.selenium.By.xpath("//*/div[@class="col-sm-12"]//table/tbody/tr")): null

2018-09-13 16:52:26 - [TEST_STEP][PASSED] - Statement - TotalRows2 = rows2.size(): null

2018-09-13 16:52:26 - [TEST_STEP][PASSED] - Statement - If (TotalRows2 > 1): TEST for Search on ACTIVE Roles Filter Page PASSED

2018-09-13 16:52:26 - [TEST_STEP][PASSED] - Statement - log.logWarning("get roleName frm Table Row 3, Set it as search Input & verify tableResult on Row 1 after search"): get roleName frm Table Row 3, Set it as search Input & verify tableResult on Row 1 after search

2018-09-13 16:52:26 - [MESSAGE][WARNING] - get roleName frm Table Row 3, Set it as search Input & verify tableResult on Row 1 after search

2018-09-13 16:52:26 - [TEST_STEP][PASSED] - Statement - selected_RoleName = com.kms.katalon.core.webui.keyword.WebUiBuiltInKeywords.getText(com.kms.katalon.core.testobject.ObjectRepository.findTestObject(Merchandising/_My Account/table- Verify Data, [row:3, col:2])): Text of object 'Object Repository/Merchandising/_My Account/table- Verify Data' is: 'Managers'

2018-09-13 16:52:26 - [MESSAGE][PASSED] - Text of object 'Object Repository/Merchandising/_My Account/table- Verify Data' is: 'Managers'

2018-09-13 16:52:26 - [TEST_STEP][PASSED] - setText: Text 'Managers' is set on object 'Object Repository/Merchandising/_My Account/input- Search'

2018-09-13 16:52:26 - [MESSAGE][PASSED] - Text 'Managers' is set on object 'Object Repository/Merchandising/_My Account/input- Search'

2018-09-13 16:52:26 - [TEST_STEP][PASSED] - click: Object: 'Object Repository/Merchandising/_My Account/btn- Search' is clicked on

2018-09-13 16:52:26 - [MESSAGE][PASSED] - Object: 'Object Repository/Merchandising/_My Account/btn- Search' is clicked on

2018-09-13 16:52:26 - [TEST_STEP][PASSED] - delay: Delayed 2 second(s)

2018-09-13 16:52:28 - [MESSAGE][PASSED] - Delayed 2 second(s)

2018-09-13 16:52:28 - [TEST_STEP][PASSED] - Statement - tableResult_RoleName = com.kms.katalon.core.webui.keyword.WebUiBuiltInKeywords.getText(com.kms.katalon.core.testobject.ObjectRepository.findTestObject(Merchandising/_My Account/table- Verify Data, [row:1, col:2])): Text of object 'Object Repository/Merchandising/_My Account/table- Verify Data' is: 'Managers'

2018-09-13 16:52:28 - [MESSAGE][PASSED] - Text of object 'Object Repository/Merchandising/_My Account/table- Verify Data' is: 'Managers'

2018-09-13 16:52:28 - [TEST_STEP][PASSED] - Statement - If (selected_RoleName == tableResult_RoleName): TEST for Search on ACTIVE Roles Filter Page PASSED

2018-09-13 16:52:28 - [TEST_STEP][PASSED] - Statement - log.logWarning("RoleName selected from table Row 3 = " + selected_RoleName): RoleName selected from table Row 3 = Managers

2018-09-13 16:52:28 - [MESSAGE][WARNING] - RoleName selected from table Row 3 = Managers

2018-09-13 16:52:28 - [TEST_STEP][PASSED] - Statement - log.logWarning("tableResult RoleName Row 1 after search = " + tableResult_RoleName): tableResult RoleName Row 1 after search = Managers

2018-09-13 16:52:28 - [MESSAGE][WARNING] - tableResult RoleName Row 1 after search = Managers

2018-09-13 16:52:28 - [TEST_STEP][PASSED] - Statement - log.logWarning("TEST for Search on ACTIVE Roles Filter Page PASSED"): TEST for Search on ACTIVE Roles Filter Page PASSED

2018-09-13 16:52:28 - [MESSAGE][WARNING] - TEST for Search on ACTIVE Roles Filter Page PASSED

2018-09-13 16:52:28 - [TEST_STEP][PASSED] - clearText: Text of object 'Object Repository/Merchandising/_My Account/input- Search' is cleared

2018-09-13 16:52:28 - [MESSAGE][PASSED] - Text of object 'Object Repository/Merchandising/_My Account/input- Search' is cleared

2018-09-13 16:52:28 - [TEST_STEP][PASSED] - click: Object: 'Object Repository/Merchandising/_My Account/btn- Search' is clicked on

2018-09-13 16:52:28 - [MESSAGE][PASSED] - Object: 'Object Repository/Merchandising/_My Account/btn- Search' is clicked on

2018-09-13 16:52:28 - [TEST_STEP][PASSED] - delay: Delayed 2 second(s)

2018-09-13 16:52:30 - [MESSAGE][PASSED] - Delayed 2 second(s)

2018-09-13 16:52:30 - [TEST_STEP][PASSED] - Statement - log.logWarning("-> executing for IN-ACTIVE filter Tab"): -> executing for IN-ACTIVE filter Tab

2018-09-13 16:52:30 - [MESSAGE][WARNING] - -> executing for IN-ACTIVE filter Tab

2018-09-13 16:52:30 - [TEST_STEP][PASSED] - click: Object: 'Object Repository/Merchandising/_My Account/label- tabs -(All_Active_Inactive)' is clicked on

2018-09-13 16:52:30 - [MESSAGE][PASSED] - Object: 'Object Repository/Merchandising/_My Account/label- tabs -(All_Active_Inactive)' is clicked on

2018-09-13 16:52:30 - [TEST_STEP][PASSED] - delay: Delayed 2 second(s)

2018-09-13 16:52:32 - [MESSAGE][PASSED] - Delayed 2 second(s)

2018-09-13 16:52:32 - [TEST_STEP][PASSED] - Statement - Table3 = driver.findElement(org.openqa.selenium.By.xpath("//*/div[@class="col-sm-12"]//table")): null

2018-09-13 16:52:32 - [TEST_STEP][PASSED] - Statement - rows3 = Table3.findElements(org.openqa.selenium.By.xpath("//*/div[@class="col-sm-12"]//table/tbody/tr")): null

2018-09-13 16:52:32 - [TEST_STEP][PASSED] - Statement - TotalRows3 = rows3.size(): null

2018-09-13 16:52:32 - [TEST_STEP][PASSED] - Statement - If (TotalRows3 > 1): TEST for Search on IN-ACTIVE Roles Filter Page PASSED

2018-09-13 16:52:32 - [TEST_STEP][PASSED] - Statement - log.logWarning("get roleName frm Table Row 2, Set it as search Input & verify tableResult on Row 1 after search"): get roleName frm Table Row 2, Set it as search Input & verify tableResult on Row 1 after search

2018-09-13 16:52:32 - [MESSAGE][WARNING] - get roleName frm Table Row 2, Set it as search Input & verify tableResult on Row 1 after search

2018-09-13 16:52:32 - [TEST_STEP][PASSED] - Statement - selected_RoleName = com.kms.katalon.core.webui.keyword.WebUiBuiltInKeywords.getText(com.kms.katalon.core.testobject.ObjectRepository.findTestObject(Merchandising/_My Account/table- Verify Data, [row:2, col:2])): Text of object 'Object Repository/Merchandising/_My Account/table- Verify Data' is: 'Trialtest Admin Role'

2018-09-13 16:52:32 - [MESSAGE][PASSED] - Text of object 'Object Repository/Merchandising/_My Account/table- Verify Data' is: 'Trialtest Admin Role'

2018-09-13 16:52:32 - [TEST_STEP][PASSED] - setText: Text 'Trialtest Admin Role' is set on object 'Object Repository/Merchandising/_My Account/input- Search'

2018-09-13 16:52:32 - [MESSAGE][PASSED] - Text 'Trialtest Admin Role' is set on object 'Object Repository/Merchandising/_My Account/input- Search'

2018-09-13 16:52:32 - [TEST_STEP][PASSED] - click: Object: 'Object Repository/Merchandising/_My Account/btn- Search' is clicked on

2018-09-13 16:52:33 - [MESSAGE][PASSED] - Object: 'Object Repository/Merchandising/_My Account/btn- Search' is clicked on

2018-09-13 16:52:33 - [TEST_STEP][PASSED] - delay: Delayed 2 second(s)

2018-09-13 16:52:35 - [MESSAGE][PASSED] - Delayed 2 second(s)

2018-09-13 16:52:35 - [TEST_STEP][PASSED] - Statement - tableResult_RoleName = com.kms.katalon.core.webui.keyword.WebUiBuiltInKeywords.getText(com.kms.katalon.core.testobject.ObjectRepository.findTestObject(Merchandising/_My Account/table- Verify Data, [row:1, col:2])): Text of object 'Object Repository/Merchandising/_My Account/table- Verify Data' is: 'Trialtest Admin Role'

2018-09-13 16:52:35 - [MESSAGE][PASSED] - Text of object 'Object Repository/Merchandising/_My Account/table- Verify Data' is: 'Trialtest Admin Role'

2018-09-13 16:52:35 - [TEST_STEP][PASSED] - Statement - If (selected_RoleName == tableResult_RoleName): TEST for Search on IN-ACTIVE Roles Filter Page PASSED

2018-09-13 16:52:35 - [TEST_STEP][PASSED] - Statement - log.logWarning("RoleName selected from table Row 3 = " + selected_RoleName): RoleName selected from table Row 3 = Trialtest Admin Role

2018-09-13 16:52:35 - [MESSAGE][WARNING] - RoleName selected from table Row 3 = Trialtest Admin Role

2018-09-13 16:52:35 - [TEST_STEP][PASSED] - Statement - log.logWarning("tableResult RoleName Row 1 after search = " + tableResult_RoleName): tableResult RoleName Row 1 after search = Trialtest Admin Role

2018-09-13 16:52:35 - [MESSAGE][WARNING] - tableResult RoleName Row 1 after search = Trialtest Admin Role

2018-09-13 16:52:35 - [TEST_STEP][PASSED] - Statement - log.logWarning("TEST for Search on IN-ACTIVE Roles Filter Page PASSED"): TEST for Search on IN-ACTIVE Roles Filter Page PASSED

2018-09-13 16:52:35 - [MESSAGE][WARNING] - TEST for Search on IN-ACTIVE Roles Filter Page PASSED

2018-09-13 16:52:35 - [TEST_STEP][PASSED] - Start listener action : sampleAfterTestCase: --- End Test:= Test Cases/Merchandising_My Account/_Roles/Verify- Search By Role Name ---

2018-09-13 16:52:35 - [TEST_STEP][PASSED] - Statement - testCaseContextB = testCaseContext.getTestCaseId(): null

2018-09-13 16:52:35 - [TEST_STEP][PASSED] - Statement - log.logWarning("--- End Test:= " + testCaseContextB + " ---"): --- End Test:= Test Cases/Merchandising_My Account/_Roles/Verify- Search By Role Name ---

2018-09-13 16:52:35 - [MESSAGE][WARNING] - --- End Test:= Test Cases/Merchandising_My Account/_Roles/Verify- Search By Role Name ---]]></system-out>
         <system-err><![CDATA[]]></system-err>
      </testcase>
      <testcase name="Test Cases/1. Login_Logout/Logout- From Application" classname="Test Cases/1. Login_Logout/Logout- From Application" status="PASSED">
         <system-out><![CDATA[2018-09-13 16:52:35 - [TEST_CASE][PASSED] - Test Cases/1. Login_Logout/Logout- From Application: Test Cases/1. Login_Logout/Logout- From Application

2018-09-13 16:52:35 - [TEST_STEP][PASSED] - Start listener action : sampleBeforeTestCase: --- Begin Test:= Test Cases/1. Login_Logout/Logout- From Application ---

2018-09-13 16:52:35 - [TEST_STEP][PASSED] - Statement - log.logWarning("--- Begin Test:= " + testCaseContext.getTestCaseId() + " ---"): --- Begin Test:= Test Cases/1. Login_Logout/Logout- From Application ---

2018-09-13 16:52:35 - [MESSAGE][WARNING] - --- Begin Test:= Test Cases/1. Login_Logout/Logout- From Application ---

2018-09-13 16:52:35 - [TEST_STEP][PASSED] - Statement - log = new com.kms.katalon.core.logging.KeywordLogger(): null

2018-09-13 16:52:35 - [TEST_STEP][PASSED] - delay: Delayed 2 second(s)

2018-09-13 16:52:37 - [MESSAGE][PASSED] - Delayed 2 second(s)

2018-09-13 16:52:37 - [TEST_STEP][PASSED] - click: Object: 'Object Repository/Login_Logout/btn- LogOut' is clicked on

2018-09-13 16:52:37 - [MESSAGE][PASSED] - Object: 'Object Repository/Login_Logout/btn- LogOut' is clicked on

2018-09-13 16:52:37 - [TEST_STEP][PASSED] - delay: Delayed 2 second(s)

2018-09-13 16:52:39 - [MESSAGE][PASSED] - Delayed 2 second(s)

2018-09-13 16:52:39 - [TEST_STEP][PASSED] - Statement - If (com.kms.katalon.core.webui.keyword.WebUiBuiltInKeywords.verifyTextPresent("Sign in to Continue", false, OPTIONAL)): Successfully Logged Out of Application

2018-09-13 16:52:39 - [MESSAGE][PASSED] - Text 'Sign in to Continue' is present on page 

2018-09-13 16:52:39 - [TEST_STEP][PASSED] - Statement - log.logWarning("Successfully Logged Out of Application"): Successfully Logged Out of Application

2018-09-13 16:52:39 - [MESSAGE][WARNING] - Successfully Logged Out of Application

2018-09-13 16:52:39 - [TEST_STEP][PASSED] - Start listener action : sampleAfterTestCase: --- End Test:= Test Cases/1. Login_Logout/Logout- From Application ---

2018-09-13 16:52:39 - [TEST_STEP][PASSED] - Statement - testCaseContextB = testCaseContext.getTestCaseId(): null

2018-09-13 16:52:39 - [TEST_STEP][PASSED] - Statement - log.logWarning("--- End Test:= " + testCaseContextB + " ---"): --- End Test:= Test Cases/1. Login_Logout/Logout- From Application ---

2018-09-13 16:52:39 - [MESSAGE][WARNING] - --- End Test:= Test Cases/1. Login_Logout/Logout- From Application ---]]></system-out>
         <system-err><![CDATA[]]></system-err>
      </testcase>
      <system-out><![CDATA[2018-09-13 16:51:28 - [TEST_SUITE][ERROR] - Regression- My Account- Roles: Test Cases/Merchandising_My Account/_Roles/Verify- Roles Active FAILED because (of) Page contains erroneous DATA]]></system-out>
      <system-err><![CDATA[2018-09-13 16:51:28 - [TEST_SUITE][ERROR] - Regression- My Account- Roles: Test Cases/Merchandising_My Account/_Roles/Verify- Roles Active FAILED because (of) Page contains erroneous DATA]]></system-err>
   </testsuite>
</testsuites>
